2023-08-30 00:24:34,199 INFO com.alberto.gesresfamily.controller.CentroController [http-nio-8080-exec-2] Inicio getCentros
2023-08-30 00:24:34,215 INFO com.alberto.gesresfamily.controller.CentroController [http-nio-8080-exec-2] Muestra todos los centros
2023-08-30 00:24:34,229 INFO com.alberto.gesresfamily.controller.CentroController [http-nio-8080-exec-2] Fin getCentros
2023-08-30 00:24:44,229 INFO com.alberto.gesresfamily.controller.CentroController [http-nio-8080-exec-8] Inicio getCentros
2023-08-30 00:24:44,230 INFO com.alberto.gesresfamily.controller.CentroController [http-nio-8080-exec-8] Muestra todos los centros
2023-08-30 00:24:44,234 INFO com.alberto.gesresfamily.controller.CentroController [http-nio-8080-exec-8] Fin getCentros
2023-08-30 00:24:48,377 INFO com.alberto.gesresfamily.controller.CentroController [http-nio-8080-exec-9] Inicio getCentros
2023-08-30 00:24:48,378 INFO com.alberto.gesresfamily.controller.CentroController [http-nio-8080-exec-9] Muestra todos los centros
2023-08-30 00:24:48,381 INFO com.alberto.gesresfamily.controller.CentroController [http-nio-8080-exec-9] Fin getCentros
2023-08-30 00:25:03,493 INFO com.alberto.gesresfamily.controller.CentroController [http-nio-8080-exec-1] Inicio getCentros
2023-08-30 00:25:03,496 INFO com.alberto.gesresfamily.controller.CentroController [http-nio-8080-exec-1] Muestra todos los centros
2023-08-30 00:25:03,499 INFO com.alberto.gesresfamily.controller.CentroController [http-nio-8080-exec-1] Fin getCentros
2023-08-30 00:27:03,260 INFO com.alberto.gesresfamily.controller.CentroController [http-nio-8080-exec-6] Inicio getCentros
2023-08-30 00:27:03,260 INFO com.alberto.gesresfamily.controller.CentroController [http-nio-8080-exec-6] Muestra todos los centros
2023-08-30 00:27:03,263 INFO com.alberto.gesresfamily.controller.CentroController [http-nio-8080-exec-6] Fin getCentros
2023-08-30 00:29:43,823 INFO com.alberto.gesresfamily.controller.CentroController [http-nio-8080-exec-2] Inicio getCentros
2023-08-30 00:29:43,824 INFO com.alberto.gesresfamily.controller.CentroController [http-nio-8080-exec-2] Muestra todos los centros
2023-08-30 00:29:43,828 INFO com.alberto.gesresfamily.controller.CentroController [http-nio-8080-exec-2] Fin getCentros
2023-08-30 00:49:10,180 INFO com.alberto.gesresfamily.controller.CentroController [http-nio-8080-exec-9] Inicio getCentros
2023-08-30 00:49:10,180 INFO com.alberto.gesresfamily.controller.CentroController [http-nio-8080-exec-9] Muestra todos los centros
2023-08-30 00:49:10,184 INFO com.alberto.gesresfamily.controller.CentroController [http-nio-8080-exec-9] Fin getCentros
2023-08-30 00:49:11,504 INFO com.alberto.gesresfamily.controller.CentroController [http-nio-8080-exec-1] Inicio getCentros
2023-08-30 00:49:11,504 INFO com.alberto.gesresfamily.controller.CentroController [http-nio-8080-exec-1] Muestra todos los centros
2023-08-30 00:49:11,507 INFO com.alberto.gesresfamily.controller.CentroController [http-nio-8080-exec-1] Fin getCentros
2023-08-30 00:50:24,938 INFO com.alberto.gesresfamily.controller.CentroController [http-nio-8080-exec-4] Inicio getCentros
2023-08-30 00:50:24,939 INFO com.alberto.gesresfamily.controller.CentroController [http-nio-8080-exec-4] Muestra todos los centros
2023-08-30 00:50:24,942 INFO com.alberto.gesresfamily.controller.CentroController [http-nio-8080-exec-4] Fin getCentros
2023-08-30 00:50:32,532 INFO com.alberto.gesresfamily.controller.CentroController [http-nio-8080-exec-5] Inicio getCentros
2023-08-30 00:50:32,533 INFO com.alberto.gesresfamily.controller.CentroController [http-nio-8080-exec-5] Muestra todos los centros
2023-08-30 00:50:32,536 INFO com.alberto.gesresfamily.controller.CentroController [http-nio-8080-exec-5] Fin getCentros
2023-08-30 00:50:48,788 INFO com.alberto.gesresfamily.controller.CentroController [http-nio-8080-exec-6] Inicio getCentros
2023-08-30 00:50:48,789 INFO com.alberto.gesresfamily.controller.CentroController [http-nio-8080-exec-6] Muestra todos los centros
2023-08-30 00:50:48,791 INFO com.alberto.gesresfamily.controller.CentroController [http-nio-8080-exec-6] Fin getCentros
2023-08-30 00:50:50,723 INFO com.alberto.gesresfamily.controller.CentroController [http-nio-8080-exec-7] Inicio getCentros
2023-08-30 00:50:50,723 INFO com.alberto.gesresfamily.controller.CentroController [http-nio-8080-exec-7] Muestra todos los centros
2023-08-30 00:50:50,726 INFO com.alberto.gesresfamily.controller.CentroController [http-nio-8080-exec-7] Fin getCentros
2023-08-30 00:51:18,113 INFO com.alberto.gesresfamily.controller.CentroController [http-nio-8080-exec-2] Inicio getCentros
2023-08-30 00:51:18,119 INFO com.alberto.gesresfamily.controller.CentroController [http-nio-8080-exec-2] Muestra todos los centros
2023-08-30 00:51:18,122 INFO com.alberto.gesresfamily.controller.CentroController [http-nio-8080-exec-2] Fin getCentros
2023-08-30 00:51:48,836 INFO com.alberto.gesresfamily.controller.CentroController [http-nio-8080-exec-1] Inicio addCentro
2023-08-30 00:51:48,844 INFO com.alberto.gesresfamily.controller.CentroController [http-nio-8080-exec-1] Fin addCentro
2023-08-30 00:51:50,339 INFO com.alberto.gesresfamily.controller.CentroController [http-nio-8080-exec-10] Inicio getCentros
2023-08-30 00:51:50,340 INFO com.alberto.gesresfamily.controller.CentroController [http-nio-8080-exec-10] Muestra todos los centros
2023-08-30 00:51:50,342 INFO com.alberto.gesresfamily.controller.CentroController [http-nio-8080-exec-10] Fin getCentros
2023-08-30 00:51:51,379 INFO com.alberto.gesresfamily.controller.CentroController [http-nio-8080-exec-5] Inicio getCentros
2023-08-30 00:51:51,379 INFO com.alberto.gesresfamily.controller.CentroController [http-nio-8080-exec-5] Muestra todos los centros
2023-08-30 00:51:51,382 INFO com.alberto.gesresfamily.controller.CentroController [http-nio-8080-exec-5] Fin getCentros
2023-08-30 00:52:05,935 INFO com.alberto.gesresfamily.controller.CentroController [http-nio-8080-exec-6] Inicio getCentros
2023-08-30 00:52:05,935 INFO com.alberto.gesresfamily.controller.CentroController [http-nio-8080-exec-6] Muestra todos los centros
2023-08-30 00:52:05,938 INFO com.alberto.gesresfamily.controller.CentroController [http-nio-8080-exec-6] Fin getCentros
2023-08-30 00:52:20,408 INFO com.alberto.gesresfamily.controller.CentroController [http-nio-8080-exec-2] Inicio getCentros
2023-08-30 00:52:20,408 INFO com.alberto.gesresfamily.controller.CentroController [http-nio-8080-exec-2] Muestra todos los centros
2023-08-30 00:52:20,429 INFO com.alberto.gesresfamily.controller.CentroController [http-nio-8080-exec-2] Fin getCentros
2023-08-30 00:59:07,990 INFO com.alberto.gesresfamily.controller.CentroController [http-nio-8080-exec-4] Inicio getCentros
2023-08-30 00:59:07,993 INFO com.alberto.gesresfamily.controller.CentroController [http-nio-8080-exec-4] Muestra todos los centros
2023-08-30 00:59:07,996 INFO com.alberto.gesresfamily.controller.CentroController [http-nio-8080-exec-4] Fin getCentros
2023-08-30 01:05:37,888 INFO com.alberto.gesresfamily.controller.CentroController [http-nio-8080-exec-6] Inicio getCentros
2023-08-30 01:05:37,889 INFO com.alberto.gesresfamily.controller.CentroController [http-nio-8080-exec-6] Muestra todos los centros
2023-08-30 01:05:37,892 INFO com.alberto.gesresfamily.controller.CentroController [http-nio-8080-exec-6] Fin getCentros
2023-08-30 01:05:39,579 INFO com.alberto.gesresfamily.controller.CentroController [http-nio-8080-exec-7] Inicio getCentros
2023-08-30 01:05:39,580 INFO com.alberto.gesresfamily.controller.CentroController [http-nio-8080-exec-7] Muestra todos los centros
2023-08-30 01:05:39,582 INFO com.alberto.gesresfamily.controller.CentroController [http-nio-8080-exec-7] Fin getCentros
2023-08-30 01:06:05,710 INFO com.alberto.gesresfamily.controller.CentroController [http-nio-8080-exec-9] Inicio getCentros
2023-08-30 01:06:05,710 INFO com.alberto.gesresfamily.controller.CentroController [http-nio-8080-exec-9] Muestra todos los centros
2023-08-30 01:06:05,713 INFO com.alberto.gesresfamily.controller.CentroController [http-nio-8080-exec-9] Fin getCentros
2023-08-30 01:06:06,600 INFO com.alberto.gesresfamily.controller.CentroController [http-nio-8080-exec-1] Inicio getCentros
2023-08-30 01:06:06,601 INFO com.alberto.gesresfamily.controller.CentroController [http-nio-8080-exec-1] Muestra todos los centros
2023-08-30 01:06:06,603 INFO com.alberto.gesresfamily.controller.CentroController [http-nio-8080-exec-1] Fin getCentros
2023-08-30 01:06:08,946 INFO com.alberto.gesresfamily.controller.CentroController [http-nio-8080-exec-4] Inicio getCentros
2023-08-30 01:06:08,947 INFO com.alberto.gesresfamily.controller.CentroController [http-nio-8080-exec-4] Muestra todos los centros
2023-08-30 01:06:08,949 INFO com.alberto.gesresfamily.controller.CentroController [http-nio-8080-exec-4] Fin getCentros
2023-08-30 01:06:13,995 INFO com.alberto.gesresfamily.controller.CentroController [http-nio-8080-exec-5] Inicio getCentros
2023-08-30 01:06:13,995 INFO com.alberto.gesresfamily.controller.CentroController [http-nio-8080-exec-5] Muestra todos los centros
2023-08-30 01:06:13,998 INFO com.alberto.gesresfamily.controller.CentroController [http-nio-8080-exec-5] Fin getCentros
2023-08-30 01:13:17,300 INFO com.alberto.gesresfamily.controller.CentroController [http-nio-8080-exec-2] Inicio getCentros
2023-08-30 01:13:17,301 INFO com.alberto.gesresfamily.controller.CentroController [http-nio-8080-exec-2] Muestra todos los centros
2023-08-30 01:13:17,304 INFO com.alberto.gesresfamily.controller.CentroController [http-nio-8080-exec-2] Fin getCentros
2023-08-30 01:13:19,015 INFO com.alberto.gesresfamily.controller.CentroController [http-nio-8080-exec-8] Inicio getCentros
2023-08-30 01:13:19,016 INFO com.alberto.gesresfamily.controller.CentroController [http-nio-8080-exec-8] Muestra todos los centros
2023-08-30 01:13:19,019 INFO com.alberto.gesresfamily.controller.CentroController [http-nio-8080-exec-8] Fin getCentros
2023-08-30 01:13:59,735 INFO com.alberto.gesresfamily.controller.CentroController [http-nio-8080-exec-3] Inicio getCentros
2023-08-30 01:13:59,736 INFO com.alberto.gesresfamily.controller.CentroController [http-nio-8080-exec-3] Muestra todos los centros
2023-08-30 01:13:59,738 INFO com.alberto.gesresfamily.controller.CentroController [http-nio-8080-exec-3] Fin getCentros
2023-08-30 01:14:01,060 INFO com.alberto.gesresfamily.controller.CentroController [http-nio-8080-exec-10] Inicio getCentros
2023-08-30 01:14:01,061 INFO com.alberto.gesresfamily.controller.CentroController [http-nio-8080-exec-10] Muestra todos los centros
2023-08-30 01:14:01,064 INFO com.alberto.gesresfamily.controller.CentroController [http-nio-8080-exec-10] Fin getCentros
2023-08-30 01:15:09,874 INFO com.alberto.gesresfamily.controller.CentroController [http-nio-8080-exec-6] Inicio getCentros
2023-08-30 01:15:09,874 INFO com.alberto.gesresfamily.controller.CentroController [http-nio-8080-exec-6] Muestra todos los centros
2023-08-30 01:15:09,877 INFO com.alberto.gesresfamily.controller.CentroController [http-nio-8080-exec-6] Fin getCentros
2023-08-30 01:15:11,085 INFO com.alberto.gesresfamily.controller.CentroController [http-nio-8080-exec-7] Inicio getCentros
2023-08-30 01:15:11,086 INFO com.alberto.gesresfamily.controller.CentroController [http-nio-8080-exec-7] Muestra todos los centros
2023-08-30 01:15:11,088 INFO com.alberto.gesresfamily.controller.CentroController [http-nio-8080-exec-7] Fin getCentros
2023-08-30 01:16:10,603 INFO com.alberto.gesresfamily.controller.CentroController [http-nio-8080-exec-9] Inicio getCentros
2023-08-30 01:16:10,603 INFO com.alberto.gesresfamily.controller.CentroController [http-nio-8080-exec-9] Muestra todos los centros
2023-08-30 01:16:10,606 INFO com.alberto.gesresfamily.controller.CentroController [http-nio-8080-exec-9] Fin getCentros
2023-08-30 01:16:11,964 INFO com.alberto.gesresfamily.controller.CentroController [http-nio-8080-exec-1] Inicio getCentros
2023-08-30 01:16:11,964 INFO com.alberto.gesresfamily.controller.CentroController [http-nio-8080-exec-1] Muestra todos los centros
2023-08-30 01:16:11,967 INFO com.alberto.gesresfamily.controller.CentroController [http-nio-8080-exec-1] Fin getCentros
2023-08-30 01:18:33,683 INFO com.alberto.gesresfamily.controller.CentroController [http-nio-8080-exec-4] Inicio getCentros
2023-08-30 01:18:33,684 INFO com.alberto.gesresfamily.controller.CentroController [http-nio-8080-exec-4] Muestra todos los centros
2023-08-30 01:18:33,686 INFO com.alberto.gesresfamily.controller.CentroController [http-nio-8080-exec-4] Fin getCentros
2023-08-30 01:18:34,954 INFO com.alberto.gesresfamily.controller.CentroController [http-nio-8080-exec-5] Inicio getCentros
2023-08-30 01:18:34,954 INFO com.alberto.gesresfamily.controller.CentroController [http-nio-8080-exec-5] Muestra todos los centros
2023-08-30 01:18:34,957 INFO com.alberto.gesresfamily.controller.CentroController [http-nio-8080-exec-5] Fin getCentros
2023-08-30 01:18:51,330 INFO com.alberto.gesresfamily.controller.CentroController [http-nio-8080-exec-2] Inicio getCentros
2023-08-30 01:18:51,330 INFO com.alberto.gesresfamily.controller.CentroController [http-nio-8080-exec-2] Muestra todos los centros
2023-08-30 01:18:51,333 INFO com.alberto.gesresfamily.controller.CentroController [http-nio-8080-exec-2] Fin getCentros
2023-08-30 01:18:52,711 INFO com.alberto.gesresfamily.controller.CentroController [http-nio-8080-exec-8] Inicio getCentros
2023-08-30 01:18:52,712 INFO com.alberto.gesresfamily.controller.CentroController [http-nio-8080-exec-8] Muestra todos los centros
2023-08-30 01:18:52,714 INFO com.alberto.gesresfamily.controller.CentroController [http-nio-8080-exec-8] Fin getCentros
2023-08-30 01:20:38,067 INFO com.alberto.gesresfamily.controller.CentroController [http-nio-8080-exec-3] Inicio getCentros
2023-08-30 01:20:38,068 INFO com.alberto.gesresfamily.controller.CentroController [http-nio-8080-exec-3] Muestra todos los centros
2023-08-30 01:20:38,071 INFO com.alberto.gesresfamily.controller.CentroController [http-nio-8080-exec-3] Fin getCentros
2023-08-30 01:20:39,399 INFO com.alberto.gesresfamily.controller.CentroController [http-nio-8080-exec-10] Inicio getCentros
2023-08-30 01:20:39,400 INFO com.alberto.gesresfamily.controller.CentroController [http-nio-8080-exec-10] Muestra todos los centros
2023-08-30 01:20:39,403 INFO com.alberto.gesresfamily.controller.CentroController [http-nio-8080-exec-10] Fin getCentros
2023-08-30 01:23:15,393 INFO com.alberto.gesresfamily.controller.CentroController [http-nio-8080-exec-6] Inicio getCentros
2023-08-30 01:23:15,393 INFO com.alberto.gesresfamily.controller.CentroController [http-nio-8080-exec-6] Muestra todos los centros
2023-08-30 01:23:15,396 INFO com.alberto.gesresfamily.controller.CentroController [http-nio-8080-exec-6] Fin getCentros
2023-08-30 01:23:17,013 INFO com.alberto.gesresfamily.controller.CentroController [http-nio-8080-exec-7] Inicio getCentros
2023-08-30 01:23:17,013 INFO com.alberto.gesresfamily.controller.CentroController [http-nio-8080-exec-7] Muestra todos los centros
2023-08-30 01:23:17,016 INFO com.alberto.gesresfamily.controller.CentroController [http-nio-8080-exec-7] Fin getCentros
2023-08-30 01:24:41,390 INFO com.alberto.gesresfamily.controller.CentroController [http-nio-8080-exec-9] Inicio getCentros
2023-08-30 01:24:41,392 INFO com.alberto.gesresfamily.controller.CentroController [http-nio-8080-exec-9] Muestra todos los centros
2023-08-30 01:24:41,396 INFO com.alberto.gesresfamily.controller.CentroController [http-nio-8080-exec-9] Fin getCentros
2023-08-30 01:26:38,389 INFO com.alberto.gesresfamily.controller.CentroController [http-nio-8080-exec-3] Inicio getCentros
2023-08-30 01:26:38,389 INFO com.alberto.gesresfamily.controller.CentroController [http-nio-8080-exec-3] Muestra todos los centros
2023-08-30 01:26:38,391 INFO com.alberto.gesresfamily.controller.CentroController [http-nio-8080-exec-3] Fin getCentros
2023-08-30 01:26:39,660 INFO com.alberto.gesresfamily.controller.CentroController [http-nio-8080-exec-10] Inicio getCentros
2023-08-30 01:26:39,660 INFO com.alberto.gesresfamily.controller.CentroController [http-nio-8080-exec-10] Muestra todos los centros
2023-08-30 01:26:39,663 INFO com.alberto.gesresfamily.controller.CentroController [http-nio-8080-exec-10] Fin getCentros
2023-08-30 01:32:56,206 INFO com.alberto.gesresfamily.controller.CentroController [http-nio-8080-exec-6] Inicio getCentros
2023-08-30 01:32:56,207 INFO com.alberto.gesresfamily.controller.CentroController [http-nio-8080-exec-6] Muestra todos los centros
2023-08-30 01:32:56,217 INFO com.alberto.gesresfamily.controller.CentroController [http-nio-8080-exec-6] Fin getCentros
2023-08-30 01:32:57,211 INFO com.alberto.gesresfamily.controller.CentroController [http-nio-8080-exec-7] Inicio getCentros
2023-08-30 01:32:57,211 INFO com.alberto.gesresfamily.controller.CentroController [http-nio-8080-exec-7] Muestra todos los centros
2023-08-30 01:32:57,213 INFO com.alberto.gesresfamily.controller.CentroController [http-nio-8080-exec-7] Fin getCentros
2023-08-30 01:33:58,944 INFO com.alberto.gesresfamily.controller.CentroController [http-nio-8080-exec-9] Inicio getCentros
2023-08-30 01:33:58,944 INFO com.alberto.gesresfamily.controller.CentroController [http-nio-8080-exec-9] Muestra todos los centros
2023-08-30 01:33:58,947 INFO com.alberto.gesresfamily.controller.CentroController [http-nio-8080-exec-9] Fin getCentros
2023-08-30 01:34:00,440 INFO com.alberto.gesresfamily.controller.CentroController [http-nio-8080-exec-1] Inicio getCentros
2023-08-30 01:34:00,441 INFO com.alberto.gesresfamily.controller.CentroController [http-nio-8080-exec-1] Muestra todos los centros
2023-08-30 01:34:00,444 INFO com.alberto.gesresfamily.controller.CentroController [http-nio-8080-exec-1] Fin getCentros
2023-08-30 01:35:20,101 INFO com.alberto.gesresfamily.controller.CentroController [http-nio-8080-exec-4] Inicio getCentros
2023-08-30 01:35:20,101 INFO com.alberto.gesresfamily.controller.CentroController [http-nio-8080-exec-4] Muestra todos los centros
2023-08-30 01:35:20,103 INFO com.alberto.gesresfamily.controller.CentroController [http-nio-8080-exec-4] Fin getCentros
2023-08-30 01:35:21,467 INFO com.alberto.gesresfamily.controller.CentroController [http-nio-8080-exec-5] Inicio getCentros
2023-08-30 01:35:21,467 INFO com.alberto.gesresfamily.controller.CentroController [http-nio-8080-exec-5] Muestra todos los centros
2023-08-30 01:35:21,470 INFO com.alberto.gesresfamily.controller.CentroController [http-nio-8080-exec-5] Fin getCentros
2023-08-30 01:35:37,292 INFO com.alberto.gesresfamily.controller.CentroController [http-nio-8080-exec-6] Inicio getCentros
2023-08-30 01:35:37,293 INFO com.alberto.gesresfamily.controller.CentroController [http-nio-8080-exec-6] Muestra todos los centros
2023-08-30 01:35:37,296 INFO com.alberto.gesresfamily.controller.CentroController [http-nio-8080-exec-6] Fin getCentros
2023-08-30 01:39:37,060 INFO com.alberto.gesresfamily.controller.CentroController [http-nio-8080-exec-9] Inicio getCentros
2023-08-30 01:39:37,061 INFO com.alberto.gesresfamily.controller.CentroController [http-nio-8080-exec-9] Muestra todos los centros
2023-08-30 01:39:37,063 INFO com.alberto.gesresfamily.controller.CentroController [http-nio-8080-exec-9] Fin getCentros
2023-08-30 01:39:38,218 INFO com.alberto.gesresfamily.controller.CentroController [http-nio-8080-exec-1] Inicio getCentros
2023-08-30 01:39:38,218 INFO com.alberto.gesresfamily.controller.CentroController [http-nio-8080-exec-1] Muestra todos los centros
2023-08-30 01:39:38,221 INFO com.alberto.gesresfamily.controller.CentroController [http-nio-8080-exec-1] Fin getCentros
2023-08-30 01:41:08,290 INFO com.alberto.gesresfamily.controller.CentroController [http-nio-8080-exec-4] Inicio getCentros
2023-08-30 01:41:08,290 INFO com.alberto.gesresfamily.controller.CentroController [http-nio-8080-exec-4] Muestra todos los centros
2023-08-30 01:41:08,292 INFO com.alberto.gesresfamily.controller.CentroController [http-nio-8080-exec-4] Fin getCentros
2023-08-30 01:41:09,934 INFO com.alberto.gesresfamily.controller.CentroController [http-nio-8080-exec-5] Inicio getCentros
2023-08-30 01:41:09,934 INFO com.alberto.gesresfamily.controller.CentroController [http-nio-8080-exec-5] Muestra todos los centros
2023-08-30 01:41:09,937 INFO com.alberto.gesresfamily.controller.CentroController [http-nio-8080-exec-5] Fin getCentros
2023-08-30 01:45:56,053 INFO com.alberto.gesresfamily.controller.CentroController [http-nio-8080-exec-8] Inicio getCentros
2023-08-30 01:45:56,054 INFO com.alberto.gesresfamily.controller.CentroController [http-nio-8080-exec-8] Muestra todos los centros
2023-08-30 01:45:56,056 INFO com.alberto.gesresfamily.controller.CentroController [http-nio-8080-exec-8] Fin getCentros
2023-08-30 01:45:58,332 INFO com.alberto.gesresfamily.controller.CentroController [http-nio-8080-exec-2] Inicio getCentros
2023-08-30 01:45:58,332 INFO com.alberto.gesresfamily.controller.CentroController [http-nio-8080-exec-2] Muestra todos los centros
2023-08-30 01:45:58,334 INFO com.alberto.gesresfamily.controller.CentroController [http-nio-8080-exec-2] Fin getCentros
2023-08-30 01:47:27,925 INFO com.alberto.gesresfamily.controller.CentroController [http-nio-8080-exec-3] Inicio getCentros
2023-08-30 01:47:27,925 INFO com.alberto.gesresfamily.controller.CentroController [http-nio-8080-exec-3] Muestra todos los centros
2023-08-30 01:47:27,929 INFO com.alberto.gesresfamily.controller.CentroController [http-nio-8080-exec-3] Fin getCentros
2023-08-30 01:47:29,181 INFO com.alberto.gesresfamily.controller.CentroController [http-nio-8080-exec-10] Inicio getCentros
2023-08-30 01:47:29,182 INFO com.alberto.gesresfamily.controller.CentroController [http-nio-8080-exec-10] Muestra todos los centros
2023-08-30 01:47:29,186 INFO com.alberto.gesresfamily.controller.CentroController [http-nio-8080-exec-10] Fin getCentros
2023-08-30 01:48:00,453 INFO com.alberto.gesresfamily.controller.CentroController [http-nio-8080-exec-6] Inicio getCentros
2023-08-30 01:48:00,454 INFO com.alberto.gesresfamily.controller.CentroController [http-nio-8080-exec-6] Muestra todos los centros
2023-08-30 01:48:00,457 INFO com.alberto.gesresfamily.controller.CentroController [http-nio-8080-exec-6] Fin getCentros
2023-08-30 01:48:01,390 INFO com.alberto.gesresfamily.controller.CentroController [http-nio-8080-exec-7] Inicio getCentros
2023-08-30 01:48:01,390 INFO com.alberto.gesresfamily.controller.CentroController [http-nio-8080-exec-7] Muestra todos los centros
2023-08-30 01:48:01,393 INFO com.alberto.gesresfamily.controller.CentroController [http-nio-8080-exec-7] Fin getCentros
2023-08-30 03:33:59,109 INFO com.alberto.gesresfamily.controller.CentroController [http-nio-8080-exec-9] Inicio getCentros
2023-08-30 03:33:59,112 INFO com.alberto.gesresfamily.controller.CentroController [http-nio-8080-exec-9] Muestra todos los centros
2023-08-30 03:33:59,123 INFO com.alberto.gesresfamily.controller.CentroController [http-nio-8080-exec-9] Fin getCentros
2023-08-30 03:34:00,902 INFO com.alberto.gesresfamily.controller.CentroController [http-nio-8080-exec-1] Inicio getCentros
2023-08-30 03:34:00,902 INFO com.alberto.gesresfamily.controller.CentroController [http-nio-8080-exec-1] Muestra todos los centros
2023-08-30 03:34:00,904 INFO com.alberto.gesresfamily.controller.CentroController [http-nio-8080-exec-1] Fin getCentros
2023-08-30 03:34:43,078 INFO com.alberto.gesresfamily.controller.CentroController [http-nio-8080-exec-4] Inicio getCentros
2023-08-30 03:34:43,079 INFO com.alberto.gesresfamily.controller.CentroController [http-nio-8080-exec-4] Muestra todos los centros
2023-08-30 03:34:43,081 INFO com.alberto.gesresfamily.controller.CentroController [http-nio-8080-exec-4] Fin getCentros
2023-08-30 03:34:49,236 INFO com.alberto.gesresfamily.controller.CentroController [http-nio-8080-exec-5] Inicio getCentros
2023-08-30 03:34:49,237 INFO com.alberto.gesresfamily.controller.CentroController [http-nio-8080-exec-5] Muestra todos los centros
2023-08-30 03:34:49,239 INFO com.alberto.gesresfamily.controller.CentroController [http-nio-8080-exec-5] Fin getCentros
2023-08-30 03:34:59,326 INFO com.alberto.gesresfamily.controller.CentroController [http-nio-8080-exec-6] Inicio getCentros
2023-08-30 03:34:59,326 INFO com.alberto.gesresfamily.controller.CentroController [http-nio-8080-exec-6] Muestra todos los centros
2023-08-30 03:34:59,330 INFO com.alberto.gesresfamily.controller.CentroController [http-nio-8080-exec-6] Fin getCentros
2023-08-30 03:35:04,098 INFO com.alberto.gesresfamily.controller.CentroController [http-nio-8080-exec-7] Inicio getCentros
2023-08-30 03:35:04,099 INFO com.alberto.gesresfamily.controller.CentroController [http-nio-8080-exec-7] Muestra todos los centros
2023-08-30 03:35:04,101 INFO com.alberto.gesresfamily.controller.CentroController [http-nio-8080-exec-7] Fin getCentros
2023-08-30 03:35:07,730 INFO com.alberto.gesresfamily.controller.ResidenteController [http-nio-8080-exec-8] Inicio getResidentes
2023-08-30 03:35:07,731 INFO com.alberto.gesresfamily.controller.ResidenteController [http-nio-8080-exec-8] Muestra todos los residentes
2023-08-30 03:35:19,748 INFO com.alberto.gesresfamily.controller.ProfesionalController [http-nio-8080-exec-2] Inicio getProfesionales
2023-08-30 03:35:19,748 INFO com.alberto.gesresfamily.controller.ProfesionalController [http-nio-8080-exec-2] Muestra todos los profesionales
2023-08-30 03:35:19,752 INFO com.alberto.gesresfamily.controller.ProfesionalController [http-nio-8080-exec-2] Fin getProfesinales
2023-08-30 03:36:47,450 INFO com.alberto.gesresfamily.controller.ProfesionalController [http-nio-8080-exec-6] Inicio addFamiliar
2023-08-30 03:36:47,476 INFO com.alberto.gesresfamily.controller.ProfesionalController [http-nio-8080-exec-6] Fin addFamiliar
2023-08-30 03:36:50,048 INFO com.alberto.gesresfamily.controller.ProfesionalController [http-nio-8080-exec-7] Inicio getProfesionales
2023-08-30 03:36:50,048 INFO com.alberto.gesresfamily.controller.ProfesionalController [http-nio-8080-exec-7] Muestra todos los profesionales
2023-08-30 03:36:50,051 INFO com.alberto.gesresfamily.controller.ProfesionalController [http-nio-8080-exec-7] Fin getProfesinales
2023-08-30 03:37:14,787 INFO com.alberto.gesresfamily.controller.ProfesionalController [http-nio-8080-exec-8] Inicio modifyFamiliar
2023-08-30 03:37:14,795 INFO com.alberto.gesresfamily.controller.ProfesionalController [http-nio-8080-exec-8] Fin modifyFamiliar
2023-08-30 03:37:23,960 INFO com.alberto.gesresfamily.controller.ProfesionalController [http-nio-8080-exec-2] Inicio getProfesionales
2023-08-30 03:37:23,960 INFO com.alberto.gesresfamily.controller.ProfesionalController [http-nio-8080-exec-2] Muestra todos los profesionales
2023-08-30 03:37:23,962 INFO com.alberto.gesresfamily.controller.ProfesionalController [http-nio-8080-exec-2] Fin getProfesinales
2023-08-30 03:37:42,054 INFO com.alberto.gesresfamily.controller.ProfesionalController [http-nio-8080-exec-9] Inicio modifyFamiliar
2023-08-30 03:37:42,060 INFO com.alberto.gesresfamily.controller.ProfesionalController [http-nio-8080-exec-9] Fin modifyFamiliar
2023-08-30 03:37:45,409 INFO com.alberto.gesresfamily.controller.ProfesionalController [http-nio-8080-exec-1] Inicio getProfesionales
2023-08-30 03:37:45,409 INFO com.alberto.gesresfamily.controller.ProfesionalController [http-nio-8080-exec-1] Muestra todos los profesionales
2023-08-30 03:37:45,412 INFO com.alberto.gesresfamily.controller.ProfesionalController [http-nio-8080-exec-1] Fin getProfesinales
2023-08-30 03:37:56,531 INFO com.alberto.gesresfamily.controller.ProfesionalController [http-nio-8080-exec-4] Inicio getProfesionales
2023-08-30 03:37:56,531 INFO com.alberto.gesresfamily.controller.ProfesionalController [http-nio-8080-exec-4] Muestra todos los profesionales
2023-08-30 03:37:56,534 INFO com.alberto.gesresfamily.controller.ProfesionalController [http-nio-8080-exec-4] Fin getProfesinales
2023-08-30 03:38:05,594 INFO com.alberto.gesresfamily.controller.ProfesionalController [http-nio-8080-exec-5] Inicio removeFamiliar
2023-08-30 03:38:05,605 INFO com.alberto.gesresfamily.controller.ProfesionalController [http-nio-8080-exec-5] Fin removeFamiliar
2023-08-30 03:38:34,645 INFO com.alberto.gesresfamily.controller.ProfesionalController [http-nio-8080-exec-8] Inicio getProfesionales
2023-08-30 03:38:34,646 INFO com.alberto.gesresfamily.controller.ProfesionalController [http-nio-8080-exec-8] Muestra todos los profesionales
2023-08-30 03:38:34,649 INFO com.alberto.gesresfamily.controller.ProfesionalController [http-nio-8080-exec-8] Fin getProfesinales
2023-08-30 03:38:35,476 INFO com.alberto.gesresfamily.controller.ProfesionalController [http-nio-8080-exec-2] Inicio getProfesionales
2023-08-30 03:38:35,476 INFO com.alberto.gesresfamily.controller.ProfesionalController [http-nio-8080-exec-2] Muestra todos los profesionales
2023-08-30 03:38:35,480 INFO com.alberto.gesresfamily.controller.ProfesionalController [http-nio-8080-exec-2] Fin getProfesinales
2023-08-30 03:38:44,762 INFO com.alberto.gesresfamily.controller.ProfesionalController [http-nio-8080-exec-1] Inicio getProfesionales
2023-08-30 03:38:44,762 INFO com.alberto.gesresfamily.controller.ProfesionalController [http-nio-8080-exec-1] Muestra todos los profesionales
2023-08-30 03:38:44,767 INFO com.alberto.gesresfamily.controller.ProfesionalController [http-nio-8080-exec-1] Fin getProfesinales
2023-08-30 17:57:44,701 WARN com.zaxxer.hikari.pool.HikariPool$HouseKeeper [HikariPool-1 housekeeper] HikariPool-1 - Thread starvation or clock leap detected (housekeeper delta=14h10m34s608ms56µs200ns).
2023-08-30 19:32:12,325 INFO com.alberto.gesresfamily.controller.CentroController [http-nio-8080-exec-8] Inicio getCentros
2023-08-30 19:32:12,332 INFO com.alberto.gesresfamily.controller.CentroController [http-nio-8080-exec-8] Muestra todos los centros
2023-08-30 19:32:12,356 INFO com.alberto.gesresfamily.controller.CentroController [http-nio-8080-exec-8] Fin getCentros
2023-08-30 19:32:20,609 INFO com.alberto.gesresfamily.controller.CentroController [http-nio-8080-exec-9] Inicio getCentros
2023-08-30 19:32:20,609 INFO com.alberto.gesresfamily.controller.CentroController [http-nio-8080-exec-9] Muestra todos los centros
2023-08-30 19:32:20,612 INFO com.alberto.gesresfamily.controller.CentroController [http-nio-8080-exec-9] Fin getCentros
2023-08-30 19:32:26,391 INFO com.alberto.gesresfamily.controller.CentroController [http-nio-8080-exec-1] Inicio getCentros
2023-08-30 19:32:26,392 INFO com.alberto.gesresfamily.controller.CentroController [http-nio-8080-exec-1] Muestra todos los centros
2023-08-30 19:32:26,394 INFO com.alberto.gesresfamily.controller.CentroController [http-nio-8080-exec-1] Fin getCentros
2023-08-30 19:32:30,442 INFO com.alberto.gesresfamily.controller.ProfesionalController [http-nio-8080-exec-10] Inicio getProfesionales
2023-08-30 19:32:30,443 INFO com.alberto.gesresfamily.controller.ProfesionalController [http-nio-8080-exec-10] Muestra todos los profesionales
2023-08-30 19:32:30,449 INFO com.alberto.gesresfamily.controller.ProfesionalController [http-nio-8080-exec-10] Fin getProfesinales
2023-08-30 19:33:29,365 INFO com.alberto.gesresfamily.controller.ProfesionalController [http-nio-8080-exec-5] Inicio getProfesionales
2023-08-30 19:33:29,366 INFO com.alberto.gesresfamily.controller.ProfesionalController [http-nio-8080-exec-5] Muestra todos los profesionales
2023-08-30 19:33:29,370 INFO com.alberto.gesresfamily.controller.ProfesionalController [http-nio-8080-exec-5] Fin getProfesinales
2023-08-30 19:35:58,499 INFO com.alberto.gesresfamily.controller.ProfesionalController [http-nio-8080-exec-8] Inicio getProfesionales
2023-08-30 19:35:58,500 INFO com.alberto.gesresfamily.controller.ProfesionalController [http-nio-8080-exec-8] Muestra todos los profesionales
2023-08-30 19:35:58,503 INFO com.alberto.gesresfamily.controller.ProfesionalController [http-nio-8080-exec-8] Fin getProfesinales
2023-08-30 19:47:53,882 INFO com.alberto.gesresfamily.controller.ProfesionalController [http-nio-8080-exec-9] Inicio getProfesionales
2023-08-30 19:47:53,883 INFO com.alberto.gesresfamily.controller.ProfesionalController [http-nio-8080-exec-9] Muestra todos los profesionales
2023-08-30 19:47:53,886 INFO com.alberto.gesresfamily.controller.ProfesionalController [http-nio-8080-exec-9] Fin getProfesinales
2023-08-30 19:47:58,287 INFO com.alberto.gesresfamily.controller.CentroController [http-nio-8080-exec-10] Inicio getCentros
2023-08-30 19:47:58,288 INFO com.alberto.gesresfamily.controller.CentroController [http-nio-8080-exec-10] Muestra todos los centros
2023-08-30 19:47:58,291 INFO com.alberto.gesresfamily.controller.CentroController [http-nio-8080-exec-10] Fin getCentros
2023-08-30 19:48:44,846 INFO com.alberto.gesresfamily.controller.CentroController [http-nio-8080-exec-3] Inicio getCentros
2023-08-30 19:48:44,846 INFO com.alberto.gesresfamily.controller.CentroController [http-nio-8080-exec-3] Muestra todos los centros
2023-08-30 19:48:44,849 INFO com.alberto.gesresfamily.controller.CentroController [http-nio-8080-exec-3] Fin getCentros
2023-08-30 19:48:46,388 INFO com.alberto.gesresfamily.controller.CentroController [http-nio-8080-exec-4] Inicio getCentros
2023-08-30 19:48:46,390 INFO com.alberto.gesresfamily.controller.CentroController [http-nio-8080-exec-4] Muestra todos los centros
2023-08-30 19:48:46,393 INFO com.alberto.gesresfamily.controller.CentroController [http-nio-8080-exec-4] Fin getCentros
2023-08-30 23:00:23,637 WARN com.zaxxer.hikari.pool.HikariPool$HouseKeeper [HikariPool-1 housekeeper] HikariPool-1 - Thread starvation or clock leap detected (housekeeper delta=1h12m84ms261µs100ns).
