2023-04-23 13:20:50,304 INFO org.hibernate.validator.internal.util.Version [background-preinit] HV000001: Hibernate Validator 6.2.5.Final
2023-04-23 13:20:50,309 INFO org.springframework.boot.StartupInfoLogger [main] Starting GesresfamilyApplication using Java 17.0.5 on Albertrodtab with PID 5112 (D:\DAM 22_23\AD\gesresfamily2EV\target\classes started by alber in D:\DAM 22_23\AD\gesresfamily2EV)
2023-04-23 13:20:50,310 INFO org.springframework.boot.SpringApplication [main] No active profile set, falling back to 1 default profile: "default"
2023-04-23 13:20:50,740 INFO org.springframework.data.repository.config.RepositoryConfigurationDelegate [main] Multiple Spring Data modules found, entering strict repository configuration mode
2023-04-23 13:20:50,742 INFO org.springframework.data.repository.config.RepositoryConfigurationDelegate [main] Bootstrapping Spring Data JDBC repositories in DEFAULT mode.
2023-04-23 13:20:50,764 INFO org.springframework.data.repository.config.RepositoryConfigurationExtensionSupport [main] Spring Data JDBC - Could not safely identify store assignment for repository candidate interface com.alberto.gesresfamily.repository.CentroRepository; If you want this repository to be a JDBC repository, consider annotating your entities with one of these annotations: org.springframework.data.relational.core.mapping.Table.
2023-04-23 13:20:50,766 INFO org.springframework.data.repository.config.RepositoryConfigurationExtensionSupport [main] Spring Data JDBC - Could not safely identify store assignment for repository candidate interface com.alberto.gesresfamily.repository.FamiliarRepository; If you want this repository to be a JDBC repository, consider annotating your entities with one of these annotations: org.springframework.data.relational.core.mapping.Table.
2023-04-23 13:20:50,767 INFO org.springframework.data.repository.config.RepositoryConfigurationExtensionSupport [main] Spring Data JDBC - Could not safely identify store assignment for repository candidate interface com.alberto.gesresfamily.repository.PlanRepository; If you want this repository to be a JDBC repository, consider annotating your entities with one of these annotations: org.springframework.data.relational.core.mapping.Table.
2023-04-23 13:20:50,769 INFO org.springframework.data.repository.config.RepositoryConfigurationExtensionSupport [main] Spring Data JDBC - Could not safely identify store assignment for repository candidate interface com.alberto.gesresfamily.repository.ProfesionalRepository; If you want this repository to be a JDBC repository, consider annotating your entities with one of these annotations: org.springframework.data.relational.core.mapping.Table.
2023-04-23 13:20:50,770 INFO org.springframework.data.repository.config.RepositoryConfigurationExtensionSupport [main] Spring Data JDBC - Could not safely identify store assignment for repository candidate interface com.alberto.gesresfamily.repository.ResidenteRepository; If you want this repository to be a JDBC repository, consider annotating your entities with one of these annotations: org.springframework.data.relational.core.mapping.Table.
2023-04-23 13:20:50,770 INFO org.springframework.data.repository.config.RepositoryConfigurationDelegate [main] Finished Spring Data repository scanning in 25 ms. Found 0 JDBC repository interfaces.
2023-04-23 13:20:50,775 INFO org.springframework.data.repository.config.RepositoryConfigurationDelegate [main] Multiple Spring Data modules found, entering strict repository configuration mode
2023-04-23 13:20:50,776 INFO org.springframework.data.repository.config.RepositoryConfigurationDelegate [main] Bootstrapping Spring Data JPA repositories in DEFAULT mode.
2023-04-23 13:20:50,800 INFO org.springframework.data.repository.config.RepositoryConfigurationDelegate [main] Finished Spring Data repository scanning in 20 ms. Found 5 JPA repository interfaces.
2023-04-23 13:20:51,197 INFO org.springframework.boot.web.embedded.tomcat.TomcatWebServer [main] Tomcat initialized with port(s): 8080 (http)
2023-04-23 13:20:51,207 INFO org.apache.juli.logging.DirectJDKLog [main] Initializing ProtocolHandler ["http-nio-8080"]
2023-04-23 13:20:51,208 INFO org.apache.juli.logging.DirectJDKLog [main] Starting service [Tomcat]
2023-04-23 13:20:51,208 INFO org.apache.juli.logging.DirectJDKLog [main] Starting Servlet engine: [Apache Tomcat/9.0.70]
2023-04-23 13:20:51,292 INFO org.apache.juli.logging.DirectJDKLog [main] Initializing Spring embedded WebApplicationContext
2023-04-23 13:20:51,292 INFO org.springframework.boot.web.servlet.context.ServletWebServerApplicationContext [main] Root WebApplicationContext: initialization completed in 945 ms
2023-04-23 13:20:51,385 INFO org.hibernate.jpa.internal.util.LogHelper [main] HHH000204: Processing PersistenceUnitInfo [name: default]
2023-04-23 13:20:51,423 INFO org.hibernate.Version [main] HHH000412: Hibernate ORM core version 5.6.14.Final
2023-04-23 13:20:51,519 INFO org.hibernate.annotations.common.reflection.java.JavaReflectionManager [main] HCANN000001: Hibernate Commons Annotations {5.1.2.Final}
2023-04-23 13:20:51,577 INFO com.zaxxer.hikari.HikariDataSource [main] HikariPool-1 - Starting...
2023-04-23 13:20:51,841 INFO com.zaxxer.hikari.HikariDataSource [main] HikariPool-1 - Start completed.
2023-04-23 13:20:51,859 INFO org.hibernate.dialect.Dialect [main] HHH000400: Using dialect: org.hibernate.dialect.MySQL8Dialect
2023-04-23 13:20:52,429 INFO org.hibernate.engine.transaction.jta.platform.internal.JtaPlatformInitiator [main] HHH000490: Using JtaPlatform implementation: [org.hibernate.engine.transaction.jta.platform.internal.NoJtaPlatform]
2023-04-23 13:20:52,433 INFO org.springframework.orm.jpa.AbstractEntityManagerFactoryBean [main] Initialized JPA EntityManagerFactory for persistence unit 'default'
2023-04-23 13:20:52,675 WARN org.springframework.boot.autoconfigure.orm.jpa.JpaBaseConfiguration$JpaWebConfiguration [main] spring.jpa.open-in-view is enabled by default. Therefore, database queries may be performed during view rendering. Explicitly configure spring.jpa.open-in-view to disable this warning
2023-04-23 13:20:52,863 INFO org.apache.juli.logging.DirectJDKLog [main] Starting ProtocolHandler ["http-nio-8080"]
2023-04-23 13:20:52,879 INFO org.springframework.boot.web.embedded.tomcat.TomcatWebServer [main] Tomcat started on port(s): 8080 (http) with context path ''
2023-04-23 13:20:52,884 INFO org.springframework.boot.StartupInfoLogger [main] Started GesresfamilyApplication in 2.818 seconds (JVM running for 3.167)
2023-04-23 13:21:19,249 INFO org.apache.juli.logging.DirectJDKLog [http-nio-8080-exec-1] Initializing Spring DispatcherServlet 'dispatcherServlet'
2023-04-23 13:21:19,249 INFO org.springframework.web.servlet.FrameworkServlet [http-nio-8080-exec-1] Initializing Servlet 'dispatcherServlet'
2023-04-23 13:21:19,250 INFO org.springframework.web.servlet.FrameworkServlet [http-nio-8080-exec-1] Completed initialization in 0 ms
2023-04-23 13:21:34,312 INFO com.alberto.gesresfamily.controller.CentroController [http-nio-8080-exec-4] Inicio getCentro
2023-04-23 13:21:34,355 INFO com.alberto.gesresfamily.controller.CentroController [http-nio-8080-exec-4] Fin getCentro
2023-04-23 13:21:39,648 INFO com.alberto.gesresfamily.controller.CentroController [http-nio-8080-exec-5] Inicio getCentro
2023-04-23 13:21:39,655 ERROR com.alberto.gesresfamily.controller.CentroController [http-nio-8080-exec-5] Centro no encontrado
com.alberto.gesresfamily.exception.CentroNotFoundException: Centro no encontrado
	at java.base/java.util.Optional.orElseThrow(Optional.java:403)
	at com.alberto.gesresfamily.service.CentroServiceImpl.findById(CentroServiceImpl.java:27)
	at com.alberto.gesresfamily.controller.CentroController.getCentro(CentroController.java:42)
	at java.base/jdk.internal.reflect.NativeMethodAccessorImpl.invoke0(Native Method)
	at java.base/jdk.internal.reflect.NativeMethodAccessorImpl.invoke(NativeMethodAccessorImpl.java:77)
	at java.base/jdk.internal.reflect.DelegatingMethodAccessorImpl.invoke(DelegatingMethodAccessorImpl.java:43)
	at java.base/java.lang.reflect.Method.invoke(Method.java:568)
	at org.springframework.web.method.support.InvocableHandlerMethod.doInvoke(InvocableHandlerMethod.java:205)
	at org.springframework.web.method.support.InvocableHandlerMethod.invokeForRequest(InvocableHandlerMethod.java:150)
	at org.springframework.web.servlet.mvc.method.annotation.ServletInvocableHandlerMethod.invokeAndHandle(ServletInvocableHandlerMethod.java:117)
	at org.springframework.web.servlet.mvc.method.annotation.RequestMappingHandlerAdapter.invokeHandlerMethod(RequestMappingHandlerAdapter.java:895)
	at org.springframework.web.servlet.mvc.method.annotation.RequestMappingHandlerAdapter.handleInternal(RequestMappingHandlerAdapter.java:808)
	at org.springframework.web.servlet.mvc.method.AbstractHandlerMethodAdapter.handle(AbstractHandlerMethodAdapter.java:87)
	at org.springframework.web.servlet.DispatcherServlet.doDispatch(DispatcherServlet.java:1071)
	at org.springframework.web.servlet.DispatcherServlet.doService(DispatcherServlet.java:964)
	at org.springframework.web.servlet.FrameworkServlet.processRequest(FrameworkServlet.java:1006)
	at org.springframework.web.servlet.FrameworkServlet.doGet(FrameworkServlet.java:898)
	at javax.servlet.http.HttpServlet.service(HttpServlet.java:670)
	at org.springframework.web.servlet.FrameworkServlet.service(FrameworkServlet.java:883)
	at javax.servlet.http.HttpServlet.service(HttpServlet.java:779)
	at org.apache.catalina.core.ApplicationFilterChain.internalDoFilter(ApplicationFilterChain.java:227)
	at org.apache.catalina.core.ApplicationFilterChain.doFilter(ApplicationFilterChain.java:162)
	at org.apache.tomcat.websocket.server.WsFilter.doFilter(WsFilter.java:53)
	at org.apache.catalina.core.ApplicationFilterChain.internalDoFilter(ApplicationFilterChain.java:189)
	at org.apache.catalina.core.ApplicationFilterChain.doFilter(ApplicationFilterChain.java:162)
	at org.springframework.web.filter.RequestContextFilter.doFilterInternal(RequestContextFilter.java:100)
	at org.springframework.web.filter.OncePerRequestFilter.doFilter(OncePerRequestFilter.java:117)
	at org.apache.catalina.core.ApplicationFilterChain.internalDoFilter(ApplicationFilterChain.java:189)
	at org.apache.catalina.core.ApplicationFilterChain.doFilter(ApplicationFilterChain.java:162)
	at org.springframework.web.filter.FormContentFilter.doFilterInternal(FormContentFilter.java:93)
	at org.springframework.web.filter.OncePerRequestFilter.doFilter(OncePerRequestFilter.java:117)
	at org.apache.catalina.core.ApplicationFilterChain.internalDoFilter(ApplicationFilterChain.java:189)
	at org.apache.catalina.core.ApplicationFilterChain.doFilter(ApplicationFilterChain.java:162)
	at org.springframework.web.filter.CharacterEncodingFilter.doFilterInternal(CharacterEncodingFilter.java:201)
	at org.springframework.web.filter.OncePerRequestFilter.doFilter(OncePerRequestFilter.java:117)
	at org.apache.catalina.core.ApplicationFilterChain.internalDoFilter(ApplicationFilterChain.java:189)
	at org.apache.catalina.core.ApplicationFilterChain.doFilter(ApplicationFilterChain.java:162)
	at org.apache.catalina.core.StandardWrapperValve.invoke(StandardWrapperValve.java:177)
	at org.apache.catalina.core.StandardContextValve.invoke(StandardContextValve.java:97)
	at org.apache.catalina.authenticator.AuthenticatorBase.invoke(AuthenticatorBase.java:541)
	at org.apache.catalina.core.StandardHostValve.invoke(StandardHostValve.java:135)
	at org.apache.catalina.valves.ErrorReportValve.invoke(ErrorReportValve.java:92)
	at org.apache.catalina.core.StandardEngineValve.invoke(StandardEngineValve.java:78)
	at org.apache.catalina.connector.CoyoteAdapter.service(CoyoteAdapter.java:360)
	at org.apache.coyote.http11.Http11Processor.service(Http11Processor.java:399)
	at org.apache.coyote.AbstractProcessorLight.process(AbstractProcessorLight.java:65)
	at org.apache.coyote.AbstractProtocol$ConnectionHandler.process(AbstractProtocol.java:891)
	at org.apache.tomcat.util.net.NioEndpoint$SocketProcessor.doRun(NioEndpoint.java:1784)
	at org.apache.tomcat.util.net.SocketProcessorBase.run(SocketProcessorBase.java:49)
	at org.apache.tomcat.util.threads.ThreadPoolExecutor.runWorker(ThreadPoolExecutor.java:1191)
	at org.apache.tomcat.util.threads.ThreadPoolExecutor$Worker.run(ThreadPoolExecutor.java:659)
	at org.apache.tomcat.util.threads.TaskThread$WrappingRunnable.run(TaskThread.java:61)
	at java.base/java.lang.Thread.run(Thread.java:833)
2023-04-23 13:21:39,656 ERROR com.alberto.gesresfamily.controller.CentroController [http-nio-8080-exec-5] [java.base/java.util.Optional.orElseThrow(Optional.java:403), com.alberto.gesresfamily.service.CentroServiceImpl.findById(CentroServiceImpl.java:27), com.alberto.gesresfamily.controller.CentroController.getCentro(CentroController.java:42), java.base/jdk.internal.reflect.NativeMethodAccessorImpl.invoke0(Native Method), java.base/jdk.internal.reflect.NativeMethodAccessorImpl.invoke(NativeMethodAccessorImpl.java:77), java.base/jdk.internal.reflect.DelegatingMethodAccessorImpl.invoke(DelegatingMethodAccessorImpl.java:43), java.base/java.lang.reflect.Method.invoke(Method.java:568), org.springframework.web.method.support.InvocableHandlerMethod.doInvoke(InvocableHandlerMethod.java:205), org.springframework.web.method.support.InvocableHandlerMethod.invokeForRequest(InvocableHandlerMethod.java:150), org.springframework.web.servlet.mvc.method.annotation.ServletInvocableHandlerMethod.invokeAndHandle(ServletInvocableHandlerMethod.java:117), org.springframework.web.servlet.mvc.method.annotation.RequestMappingHandlerAdapter.invokeHandlerMethod(RequestMappingHandlerAdapter.java:895), org.springframework.web.servlet.mvc.method.annotation.RequestMappingHandlerAdapter.handleInternal(RequestMappingHandlerAdapter.java:808), org.springframework.web.servlet.mvc.method.AbstractHandlerMethodAdapter.handle(AbstractHandlerMethodAdapter.java:87), org.springframework.web.servlet.DispatcherServlet.doDispatch(DispatcherServlet.java:1071), org.springframework.web.servlet.DispatcherServlet.doService(DispatcherServlet.java:964), org.springframework.web.servlet.FrameworkServlet.processRequest(FrameworkServlet.java:1006), org.springframework.web.servlet.FrameworkServlet.doGet(FrameworkServlet.java:898), javax.servlet.http.HttpServlet.service(HttpServlet.java:670), org.springframework.web.servlet.FrameworkServlet.service(FrameworkServlet.java:883), javax.servlet.http.HttpServlet.service(HttpServlet.java:779), org.apache.catalina.core.ApplicationFilterChain.internalDoFilter(ApplicationFilterChain.java:227), org.apache.catalina.core.ApplicationFilterChain.doFilter(ApplicationFilterChain.java:162), org.apache.tomcat.websocket.server.WsFilter.doFilter(WsFilter.java:53), org.apache.catalina.core.ApplicationFilterChain.internalDoFilter(ApplicationFilterChain.java:189), org.apache.catalina.core.ApplicationFilterChain.doFilter(ApplicationFilterChain.java:162), org.springframework.web.filter.RequestContextFilter.doFilterInternal(RequestContextFilter.java:100), org.springframework.web.filter.OncePerRequestFilter.doFilter(OncePerRequestFilter.java:117), org.apache.catalina.core.ApplicationFilterChain.internalDoFilter(ApplicationFilterChain.java:189), org.apache.catalina.core.ApplicationFilterChain.doFilter(ApplicationFilterChain.java:162), org.springframework.web.filter.FormContentFilter.doFilterInternal(FormContentFilter.java:93), org.springframework.web.filter.OncePerRequestFilter.doFilter(OncePerRequestFilter.java:117), org.apache.catalina.core.ApplicationFilterChain.internalDoFilter(ApplicationFilterChain.java:189), org.apache.catalina.core.ApplicationFilterChain.doFilter(ApplicationFilterChain.java:162), org.springframework.web.filter.CharacterEncodingFilter.doFilterInternal(CharacterEncodingFilter.java:201), org.springframework.web.filter.OncePerRequestFilter.doFilter(OncePerRequestFilter.java:117), org.apache.catalina.core.ApplicationFilterChain.internalDoFilter(ApplicationFilterChain.java:189), org.apache.catalina.core.ApplicationFilterChain.doFilter(ApplicationFilterChain.java:162), org.apache.catalina.core.StandardWrapperValve.invoke(StandardWrapperValve.java:177), org.apache.catalina.core.StandardContextValve.invoke(StandardContextValve.java:97), org.apache.catalina.authenticator.AuthenticatorBase.invoke(AuthenticatorBase.java:541), org.apache.catalina.core.StandardHostValve.invoke(StandardHostValve.java:135), org.apache.catalina.valves.ErrorReportValve.invoke(ErrorReportValve.java:92), org.apache.catalina.core.StandardEngineValve.invoke(StandardEngineValve.java:78), org.apache.catalina.connector.CoyoteAdapter.service(CoyoteAdapter.java:360), org.apache.coyote.http11.Http11Processor.service(Http11Processor.java:399), org.apache.coyote.AbstractProcessorLight.process(AbstractProcessorLight.java:65), org.apache.coyote.AbstractProtocol$ConnectionHandler.process(AbstractProtocol.java:891), org.apache.tomcat.util.net.NioEndpoint$SocketProcessor.doRun(NioEndpoint.java:1784), org.apache.tomcat.util.net.SocketProcessorBase.run(SocketProcessorBase.java:49), org.apache.tomcat.util.threads.ThreadPoolExecutor.runWorker(ThreadPoolExecutor.java:1191), org.apache.tomcat.util.threads.ThreadPoolExecutor$Worker.run(ThreadPoolExecutor.java:659), org.apache.tomcat.util.threads.TaskThread$WrappingRunnable.run(TaskThread.java:61), java.base/java.lang.Thread.run(Thread.java:833)]
2023-04-23 13:23:24,818 INFO com.alberto.gesresfamily.controller.CentroController [http-nio-8080-exec-10] Inicio getCentro
2023-04-23 13:23:24,822 INFO com.alberto.gesresfamily.controller.CentroController [http-nio-8080-exec-10] Fin getCentro
2023-04-23 13:26:45,030 INFO org.springframework.orm.jpa.AbstractEntityManagerFactoryBean [SpringApplicationShutdownHook] Closing JPA EntityManagerFactory for persistence unit 'default'
2023-04-23 13:26:45,031 INFO com.zaxxer.hikari.HikariDataSource [SpringApplicationShutdownHook] HikariPool-1 - Shutdown initiated...
2023-04-23 13:26:45,038 INFO com.zaxxer.hikari.HikariDataSource [SpringApplicationShutdownHook] HikariPool-1 - Shutdown completed.
