2023-11-17 16:42:05,825 WARN com.zaxxer.hikari.pool.HikariPool$HouseKeeper [HikariPool-1 housekeeper] HikariPool-1 - Thread starvation or clock leap detected (housekeeper delta=3d15h45m46s58ms223µs).
2023-11-17 17:35:47,059 INFO org.springframework.orm.jpa.AbstractEntityManagerFactoryBean [SpringApplicationShutdownHook] Closing JPA EntityManagerFactory for persistence unit 'default'
2023-11-17 17:35:47,067 INFO com.zaxxer.hikari.HikariDataSource [SpringApplicationShutdownHook] HikariPool-1 - Shutdown initiated...
2023-11-17 17:35:47,073 INFO com.zaxxer.hikari.HikariDataSource [SpringApplicationShutdownHook] HikariPool-1 - Shutdown completed.
2023-11-17 17:36:01,088 INFO org.hibernate.validator.internal.util.Version [background-preinit] HV000001: Hibernate Validator 6.2.5.Final
2023-11-17 17:36:01,095 INFO org.springframework.boot.StartupInfoLogger [main] Starting GesresfamilyApplication using Java 17.0.5 on Albertrodtab with PID 111456 (D:\DAM 23_24\PROYECTO\FamilySync_API\GesResFamily_API\target\classes started by albertrodtab in D:\DAM 23_24\PROYECTO\FamilySync_API\GesResFamily_API)
2023-11-17 17:36:01,097 INFO org.springframework.boot.SpringApplication [main] No active profile set, falling back to 1 default profile: "default"
2023-11-17 17:36:01,568 INFO org.springframework.data.repository.config.RepositoryConfigurationDelegate [main] Multiple Spring Data modules found, entering strict repository configuration mode
2023-11-17 17:36:01,570 INFO org.springframework.data.repository.config.RepositoryConfigurationDelegate [main] Bootstrapping Spring Data JDBC repositories in DEFAULT mode.
2023-11-17 17:36:01,591 INFO org.springframework.data.repository.config.RepositoryConfigurationExtensionSupport [main] Spring Data JDBC - Could not safely identify store assignment for repository candidate interface com.alberto.gesresfamily.repository.CentroRepository; If you want this repository to be a JDBC repository, consider annotating your entities with one of these annotations: org.springframework.data.relational.core.mapping.Table.
2023-11-17 17:36:01,592 INFO org.springframework.data.repository.config.RepositoryConfigurationExtensionSupport [main] Spring Data JDBC - Could not safely identify store assignment for repository candidate interface com.alberto.gesresfamily.repository.FamiliarRepository; If you want this repository to be a JDBC repository, consider annotating your entities with one of these annotations: org.springframework.data.relational.core.mapping.Table.
2023-11-17 17:36:01,594 INFO org.springframework.data.repository.config.RepositoryConfigurationExtensionSupport [main] Spring Data JDBC - Could not safely identify store assignment for repository candidate interface com.alberto.gesresfamily.repository.PlanRepository; If you want this repository to be a JDBC repository, consider annotating your entities with one of these annotations: org.springframework.data.relational.core.mapping.Table.
2023-11-17 17:36:01,596 INFO org.springframework.data.repository.config.RepositoryConfigurationExtensionSupport [main] Spring Data JDBC - Could not safely identify store assignment for repository candidate interface com.alberto.gesresfamily.repository.ProfesionalRepository; If you want this repository to be a JDBC repository, consider annotating your entities with one of these annotations: org.springframework.data.relational.core.mapping.Table.
2023-11-17 17:36:01,597 INFO org.springframework.data.repository.config.RepositoryConfigurationExtensionSupport [main] Spring Data JDBC - Could not safely identify store assignment for repository candidate interface com.alberto.gesresfamily.repository.ResidenteRepository; If you want this repository to be a JDBC repository, consider annotating your entities with one of these annotations: org.springframework.data.relational.core.mapping.Table.
2023-11-17 17:36:01,599 INFO org.springframework.data.repository.config.RepositoryConfigurationExtensionSupport [main] Spring Data JDBC - Could not safely identify store assignment for repository candidate interface com.alberto.gesresfamily.repository.UsuarioRepository; If you want this repository to be a JDBC repository, consider annotating your entities with one of these annotations: org.springframework.data.relational.core.mapping.Table.
2023-11-17 17:36:01,599 INFO org.springframework.data.repository.config.RepositoryConfigurationDelegate [main] Finished Spring Data repository scanning in 27 ms. Found 0 JDBC repository interfaces.
2023-11-17 17:36:01,603 INFO org.springframework.data.repository.config.RepositoryConfigurationDelegate [main] Multiple Spring Data modules found, entering strict repository configuration mode
2023-11-17 17:36:01,605 INFO org.springframework.data.repository.config.RepositoryConfigurationDelegate [main] Bootstrapping Spring Data JPA repositories in DEFAULT mode.
2023-11-17 17:36:01,639 INFO org.springframework.data.repository.config.RepositoryConfigurationDelegate [main] Finished Spring Data repository scanning in 31 ms. Found 6 JPA repository interfaces.
2023-11-17 17:36:02,039 INFO org.springframework.boot.web.embedded.tomcat.TomcatWebServer [main] Tomcat initialized with port(s): 8080 (http)
2023-11-17 17:36:02,047 INFO org.apache.juli.logging.DirectJDKLog [main] Initializing ProtocolHandler ["http-nio-8080"]
2023-11-17 17:36:02,048 INFO org.apache.juli.logging.DirectJDKLog [main] Starting service [Tomcat]
2023-11-17 17:36:02,048 INFO org.apache.juli.logging.DirectJDKLog [main] Starting Servlet engine: [Apache Tomcat/9.0.70]
2023-11-17 17:36:02,121 INFO org.apache.juli.logging.DirectJDKLog [main] Initializing Spring embedded WebApplicationContext
2023-11-17 17:36:02,122 INFO org.springframework.boot.web.servlet.context.ServletWebServerApplicationContext [main] Root WebApplicationContext: initialization completed in 984 ms
2023-11-17 17:36:02,224 INFO org.hibernate.jpa.internal.util.LogHelper [main] HHH000204: Processing PersistenceUnitInfo [name: default]
2023-11-17 17:36:02,263 INFO org.hibernate.Version [main] HHH000412: Hibernate ORM core version 5.6.14.Final
2023-11-17 17:36:02,357 INFO org.hibernate.annotations.common.reflection.java.JavaReflectionManager [main] HCANN000001: Hibernate Commons Annotations {5.1.2.Final}
2023-11-17 17:36:02,420 INFO com.zaxxer.hikari.HikariDataSource [main] HikariPool-1 - Starting...
2023-11-17 17:36:02,682 INFO com.zaxxer.hikari.HikariDataSource [main] HikariPool-1 - Start completed.
2023-11-17 17:36:02,702 INFO org.hibernate.dialect.Dialect [main] HHH000400: Using dialect: org.hibernate.dialect.MySQL8Dialect
2023-11-17 17:36:03,302 INFO org.hibernate.engine.transaction.jta.platform.internal.JtaPlatformInitiator [main] HHH000490: Using JtaPlatform implementation: [org.hibernate.engine.transaction.jta.platform.internal.NoJtaPlatform]
2023-11-17 17:36:03,308 INFO org.springframework.orm.jpa.AbstractEntityManagerFactoryBean [main] Initialized JPA EntityManagerFactory for persistence unit 'default'
2023-11-17 17:36:03,651 INFO org.springframework.security.web.DefaultSecurityFilterChain [main] Will secure any request with [org.springframework.security.web.session.DisableEncodeUrlFilter@477906cf, org.springframework.security.web.context.request.async.WebAsyncManagerIntegrationFilter@65234a9, org.springframework.security.web.context.SecurityContextPersistenceFilter@664083f6, org.springframework.security.web.header.HeaderWriterFilter@7c59cf66, org.springframework.security.web.authentication.logout.LogoutFilter@61d527ac, com.alberto.gesresfamily.security.JWTAuthorizationFilter@5740ff5e, com.alberto.gesresfamily.security.JWTAutenticationFilter@4004bfba, org.springframework.security.web.authentication.www.BasicAuthenticationFilter@5a88849, org.springframework.security.web.savedrequest.RequestCacheAwareFilter@67216c33, org.springframework.security.web.servletapi.SecurityContextHolderAwareRequestFilter@6ec77cab, org.springframework.security.web.authentication.AnonymousAuthenticationFilter@c19bb2a, org.springframework.security.web.session.SessionManagementFilter@37816ea6, org.springframework.security.web.access.ExceptionTranslationFilter@67376bae, org.springframework.security.web.access.intercept.FilterSecurityInterceptor@68b3de47]
2023-11-17 17:36:03,671 WARN org.springframework.boot.autoconfigure.orm.jpa.JpaBaseConfiguration$JpaWebConfiguration [main] spring.jpa.open-in-view is enabled by default. Therefore, database queries may be performed during view rendering. Explicitly configure spring.jpa.open-in-view to disable this warning
2023-11-17 17:36:03,874 INFO org.apache.juli.logging.DirectJDKLog [main] Starting ProtocolHandler ["http-nio-8080"]
2023-11-17 17:36:03,895 INFO org.springframework.boot.web.embedded.tomcat.TomcatWebServer [main] Tomcat started on port(s): 8080 (http) with context path ''
2023-11-17 17:36:03,900 INFO org.springframework.boot.StartupInfoLogger [main] Started GesresfamilyApplication in 3.074 seconds (JVM running for 3.438)
2023-11-17 17:36:24,170 INFO org.apache.juli.logging.DirectJDKLog [http-nio-8080-exec-1] Initializing Spring DispatcherServlet 'dispatcherServlet'
2023-11-17 17:36:24,171 INFO org.springframework.web.servlet.FrameworkServlet [http-nio-8080-exec-1] Initializing Servlet 'dispatcherServlet'
2023-11-17 17:36:24,172 INFO org.springframework.web.servlet.FrameworkServlet [http-nio-8080-exec-1] Completed initialization in 1 ms
2023-11-17 17:37:53,517 INFO com.alberto.gesresfamily.controller.CentroController [http-nio-8080-exec-5] Inicio getCentros
2023-11-17 17:37:53,517 INFO com.alberto.gesresfamily.controller.CentroController [http-nio-8080-exec-5] Muestra todos los centros
2023-11-17 17:37:53,533 INFO com.alberto.gesresfamily.controller.CentroController [http-nio-8080-exec-5] Fin getCentros
2023-11-17 17:45:30,916 INFO org.springframework.orm.jpa.AbstractEntityManagerFactoryBean [SpringApplicationShutdownHook] Closing JPA EntityManagerFactory for persistence unit 'default'
2023-11-17 17:45:30,917 INFO com.zaxxer.hikari.HikariDataSource [SpringApplicationShutdownHook] HikariPool-1 - Shutdown initiated...
2023-11-17 17:45:30,925 INFO com.zaxxer.hikari.HikariDataSource [SpringApplicationShutdownHook] HikariPool-1 - Shutdown completed.
2023-11-17 17:45:41,158 INFO org.hibernate.validator.internal.util.Version [background-preinit] HV000001: Hibernate Validator 6.2.5.Final
2023-11-17 17:45:41,164 INFO org.springframework.boot.StartupInfoLogger [main] Starting GesresfamilyApplication using Java 17.0.5 on Albertrodtab with PID 106500 (D:\DAM 23_24\PROYECTO\FamilySync_API\GesResFamily_API\target\classes started by albertrodtab in D:\DAM 23_24\PROYECTO\FamilySync_API\GesResFamily_API)
2023-11-17 17:45:41,165 INFO org.springframework.boot.SpringApplication [main] No active profile set, falling back to 1 default profile: "default"
2023-11-17 17:45:41,590 INFO org.springframework.data.repository.config.RepositoryConfigurationDelegate [main] Multiple Spring Data modules found, entering strict repository configuration mode
2023-11-17 17:45:41,591 INFO org.springframework.data.repository.config.RepositoryConfigurationDelegate [main] Bootstrapping Spring Data JDBC repositories in DEFAULT mode.
2023-11-17 17:45:41,611 INFO org.springframework.data.repository.config.RepositoryConfigurationExtensionSupport [main] Spring Data JDBC - Could not safely identify store assignment for repository candidate interface com.alberto.gesresfamily.repository.CentroRepository; If you want this repository to be a JDBC repository, consider annotating your entities with one of these annotations: org.springframework.data.relational.core.mapping.Table.
2023-11-17 17:45:41,612 INFO org.springframework.data.repository.config.RepositoryConfigurationExtensionSupport [main] Spring Data JDBC - Could not safely identify store assignment for repository candidate interface com.alberto.gesresfamily.repository.FamiliarRepository; If you want this repository to be a JDBC repository, consider annotating your entities with one of these annotations: org.springframework.data.relational.core.mapping.Table.
2023-11-17 17:45:41,613 INFO org.springframework.data.repository.config.RepositoryConfigurationExtensionSupport [main] Spring Data JDBC - Could not safely identify store assignment for repository candidate interface com.alberto.gesresfamily.repository.PlanRepository; If you want this repository to be a JDBC repository, consider annotating your entities with one of these annotations: org.springframework.data.relational.core.mapping.Table.
2023-11-17 17:45:41,616 INFO org.springframework.data.repository.config.RepositoryConfigurationExtensionSupport [main] Spring Data JDBC - Could not safely identify store assignment for repository candidate interface com.alberto.gesresfamily.repository.ProfesionalRepository; If you want this repository to be a JDBC repository, consider annotating your entities with one of these annotations: org.springframework.data.relational.core.mapping.Table.
2023-11-17 17:45:41,617 INFO org.springframework.data.repository.config.RepositoryConfigurationExtensionSupport [main] Spring Data JDBC - Could not safely identify store assignment for repository candidate interface com.alberto.gesresfamily.repository.ResidenteRepository; If you want this repository to be a JDBC repository, consider annotating your entities with one of these annotations: org.springframework.data.relational.core.mapping.Table.
2023-11-17 17:45:41,618 INFO org.springframework.data.repository.config.RepositoryConfigurationExtensionSupport [main] Spring Data JDBC - Could not safely identify store assignment for repository candidate interface com.alberto.gesresfamily.repository.UsuarioRepository; If you want this repository to be a JDBC repository, consider annotating your entities with one of these annotations: org.springframework.data.relational.core.mapping.Table.
2023-11-17 17:45:41,619 INFO org.springframework.data.repository.config.RepositoryConfigurationDelegate [main] Finished Spring Data repository scanning in 25 ms. Found 0 JDBC repository interfaces.
2023-11-17 17:45:41,624 INFO org.springframework.data.repository.config.RepositoryConfigurationDelegate [main] Multiple Spring Data modules found, entering strict repository configuration mode
2023-11-17 17:45:41,625 INFO org.springframework.data.repository.config.RepositoryConfigurationDelegate [main] Bootstrapping Spring Data JPA repositories in DEFAULT mode.
2023-11-17 17:45:41,658 INFO org.springframework.data.repository.config.RepositoryConfigurationDelegate [main] Finished Spring Data repository scanning in 26 ms. Found 6 JPA repository interfaces.
2023-11-17 17:45:42,003 INFO org.springframework.boot.web.embedded.tomcat.TomcatWebServer [main] Tomcat initialized with port(s): 8080 (http)
2023-11-17 17:45:42,009 INFO org.apache.juli.logging.DirectJDKLog [main] Initializing ProtocolHandler ["http-nio-8080"]
2023-11-17 17:45:42,010 INFO org.apache.juli.logging.DirectJDKLog [main] Starting service [Tomcat]
2023-11-17 17:45:42,010 INFO org.apache.juli.logging.DirectJDKLog [main] Starting Servlet engine: [Apache Tomcat/9.0.70]
2023-11-17 17:45:42,075 INFO org.apache.juli.logging.DirectJDKLog [main] Initializing Spring embedded WebApplicationContext
2023-11-17 17:45:42,075 INFO org.springframework.boot.web.servlet.context.ServletWebServerApplicationContext [main] Root WebApplicationContext: initialization completed in 872 ms
2023-11-17 17:45:42,156 INFO org.hibernate.jpa.internal.util.LogHelper [main] HHH000204: Processing PersistenceUnitInfo [name: default]
2023-11-17 17:45:42,176 INFO org.hibernate.Version [main] HHH000412: Hibernate ORM core version 5.6.14.Final
2023-11-17 17:45:42,248 INFO org.hibernate.annotations.common.reflection.java.JavaReflectionManager [main] HCANN000001: Hibernate Commons Annotations {5.1.2.Final}
2023-11-17 17:45:42,292 INFO com.zaxxer.hikari.HikariDataSource [main] HikariPool-1 - Starting...
2023-11-17 17:45:42,471 INFO com.zaxxer.hikari.HikariDataSource [main] HikariPool-1 - Start completed.
2023-11-17 17:45:42,485 INFO org.hibernate.dialect.Dialect [main] HHH000400: Using dialect: org.hibernate.dialect.MySQL8Dialect
2023-11-17 17:45:43,025 INFO org.hibernate.engine.transaction.jta.platform.internal.JtaPlatformInitiator [main] HHH000490: Using JtaPlatform implementation: [org.hibernate.engine.transaction.jta.platform.internal.NoJtaPlatform]
2023-11-17 17:45:43,030 INFO org.springframework.orm.jpa.AbstractEntityManagerFactoryBean [main] Initialized JPA EntityManagerFactory for persistence unit 'default'
2023-11-17 17:45:43,351 INFO org.springframework.security.web.DefaultSecurityFilterChain [main] Will secure any request with [org.springframework.security.web.session.DisableEncodeUrlFilter@5a88849, org.springframework.security.web.context.request.async.WebAsyncManagerIntegrationFilter@36ce0bc2, org.springframework.security.web.context.SecurityContextPersistenceFilter@37816ea6, org.springframework.security.web.header.HeaderWriterFilter@16602333, org.springframework.security.web.authentication.logout.LogoutFilter@6d38a81d, com.alberto.gesresfamily.security.JWTAuthorizationFilter@6848a051, com.alberto.gesresfamily.security.JWTAutenticationFilter@317fa5dd, org.springframework.security.web.authentication.www.BasicAuthenticationFilter@236206f8, org.springframework.security.web.savedrequest.RequestCacheAwareFilter@35b79b1f, org.springframework.security.web.servletapi.SecurityContextHolderAwareRequestFilter@664083f6, org.springframework.security.web.authentication.AnonymousAuthenticationFilter@477906cf, org.springframework.security.web.session.SessionManagementFilter@6d6d81c, org.springframework.security.web.access.ExceptionTranslationFilter@3e3bf77b, org.springframework.security.web.access.intercept.FilterSecurityInterceptor@1e75bef1]
2023-11-17 17:45:43,370 WARN org.springframework.boot.autoconfigure.orm.jpa.JpaBaseConfiguration$JpaWebConfiguration [main] spring.jpa.open-in-view is enabled by default. Therefore, database queries may be performed during view rendering. Explicitly configure spring.jpa.open-in-view to disable this warning
2023-11-17 17:45:43,569 INFO org.apache.juli.logging.DirectJDKLog [main] Starting ProtocolHandler ["http-nio-8080"]
2023-11-17 17:45:43,582 INFO org.springframework.boot.web.embedded.tomcat.TomcatWebServer [main] Tomcat started on port(s): 8080 (http) with context path ''
2023-11-17 17:45:43,588 INFO org.springframework.boot.StartupInfoLogger [main] Started GesresfamilyApplication in 2.662 seconds (JVM running for 2.973)
2023-11-17 17:46:21,244 INFO org.apache.juli.logging.DirectJDKLog [http-nio-8080-exec-1] Initializing Spring DispatcherServlet 'dispatcherServlet'
2023-11-17 17:46:21,245 INFO org.springframework.web.servlet.FrameworkServlet [http-nio-8080-exec-1] Initializing Servlet 'dispatcherServlet'
2023-11-17 17:46:21,256 INFO org.springframework.web.servlet.FrameworkServlet [http-nio-8080-exec-1] Completed initialization in 2 ms
2023-11-17 17:50:36,020 INFO com.alberto.gesresfamily.controller.FamiliarController [http-nio-8080-exec-3] Inicio getFamiliares
2023-11-17 17:50:36,021 INFO com.alberto.gesresfamily.controller.FamiliarController [http-nio-8080-exec-3] Muestra todos los familiares
2023-11-17 17:50:36,036 INFO com.alberto.gesresfamily.controller.FamiliarController [http-nio-8080-exec-3] Fin getFamiliares
2023-11-17 17:51:15,579 INFO com.alberto.gesresfamily.controller.CentroController [http-nio-8080-exec-4] Inicio getCentro
2023-11-17 17:51:15,586 INFO com.alberto.gesresfamily.controller.CentroController [http-nio-8080-exec-4] Fin getCentro
2023-11-17 17:54:40,151 INFO org.springframework.orm.jpa.AbstractEntityManagerFactoryBean [SpringApplicationShutdownHook] Closing JPA EntityManagerFactory for persistence unit 'default'
2023-11-17 17:54:40,153 INFO com.zaxxer.hikari.HikariDataSource [SpringApplicationShutdownHook] HikariPool-1 - Shutdown initiated...
2023-11-17 17:54:40,159 INFO com.zaxxer.hikari.HikariDataSource [SpringApplicationShutdownHook] HikariPool-1 - Shutdown completed.
2023-11-17 17:55:04,908 INFO org.hibernate.validator.internal.util.Version [background-preinit] HV000001: Hibernate Validator 6.2.5.Final
2023-11-17 17:55:04,917 INFO org.springframework.boot.StartupInfoLogger [main] Starting GesresfamilyApplication using Java 17.0.5 on Albertrodtab with PID 117800 (D:\DAM 23_24\PROYECTO\FamilySync_API\GesResFamily_API\target\classes started by albertrodtab in D:\DAM 23_24\PROYECTO\FamilySync_API\GesResFamily_API)
2023-11-17 17:55:04,918 INFO org.springframework.boot.SpringApplication [main] No active profile set, falling back to 1 default profile: "default"
2023-11-17 17:55:05,342 INFO org.springframework.data.repository.config.RepositoryConfigurationDelegate [main] Multiple Spring Data modules found, entering strict repository configuration mode
2023-11-17 17:55:05,342 INFO org.springframework.data.repository.config.RepositoryConfigurationDelegate [main] Bootstrapping Spring Data JDBC repositories in DEFAULT mode.
2023-11-17 17:55:05,362 INFO org.springframework.data.repository.config.RepositoryConfigurationExtensionSupport [main] Spring Data JDBC - Could not safely identify store assignment for repository candidate interface com.alberto.gesresfamily.repository.CentroRepository; If you want this repository to be a JDBC repository, consider annotating your entities with one of these annotations: org.springframework.data.relational.core.mapping.Table.
2023-11-17 17:55:05,363 INFO org.springframework.data.repository.config.RepositoryConfigurationExtensionSupport [main] Spring Data JDBC - Could not safely identify store assignment for repository candidate interface com.alberto.gesresfamily.repository.FamiliarRepository; If you want this repository to be a JDBC repository, consider annotating your entities with one of these annotations: org.springframework.data.relational.core.mapping.Table.
2023-11-17 17:55:05,364 INFO org.springframework.data.repository.config.RepositoryConfigurationExtensionSupport [main] Spring Data JDBC - Could not safely identify store assignment for repository candidate interface com.alberto.gesresfamily.repository.PlanRepository; If you want this repository to be a JDBC repository, consider annotating your entities with one of these annotations: org.springframework.data.relational.core.mapping.Table.
2023-11-17 17:55:05,365 INFO org.springframework.data.repository.config.RepositoryConfigurationExtensionSupport [main] Spring Data JDBC - Could not safely identify store assignment for repository candidate interface com.alberto.gesresfamily.repository.ProfesionalRepository; If you want this repository to be a JDBC repository, consider annotating your entities with one of these annotations: org.springframework.data.relational.core.mapping.Table.
2023-11-17 17:55:05,367 INFO org.springframework.data.repository.config.RepositoryConfigurationExtensionSupport [main] Spring Data JDBC - Could not safely identify store assignment for repository candidate interface com.alberto.gesresfamily.repository.ResidenteRepository; If you want this repository to be a JDBC repository, consider annotating your entities with one of these annotations: org.springframework.data.relational.core.mapping.Table.
2023-11-17 17:55:05,369 INFO org.springframework.data.repository.config.RepositoryConfigurationExtensionSupport [main] Spring Data JDBC - Could not safely identify store assignment for repository candidate interface com.alberto.gesresfamily.repository.UsuarioRepository; If you want this repository to be a JDBC repository, consider annotating your entities with one of these annotations: org.springframework.data.relational.core.mapping.Table.
2023-11-17 17:55:05,369 INFO org.springframework.data.repository.config.RepositoryConfigurationDelegate [main] Finished Spring Data repository scanning in 25 ms. Found 0 JDBC repository interfaces.
2023-11-17 17:55:05,373 INFO org.springframework.data.repository.config.RepositoryConfigurationDelegate [main] Multiple Spring Data modules found, entering strict repository configuration mode
2023-11-17 17:55:05,374 INFO org.springframework.data.repository.config.RepositoryConfigurationDelegate [main] Bootstrapping Spring Data JPA repositories in DEFAULT mode.
2023-11-17 17:55:05,408 INFO org.springframework.data.repository.config.RepositoryConfigurationDelegate [main] Finished Spring Data repository scanning in 30 ms. Found 6 JPA repository interfaces.
2023-11-17 17:55:05,767 INFO org.springframework.boot.web.embedded.tomcat.TomcatWebServer [main] Tomcat initialized with port(s): 8080 (http)
2023-11-17 17:55:05,773 INFO org.apache.juli.logging.DirectJDKLog [main] Initializing ProtocolHandler ["http-nio-8080"]
2023-11-17 17:55:05,773 INFO org.apache.juli.logging.DirectJDKLog [main] Starting service [Tomcat]
2023-11-17 17:55:05,773 INFO org.apache.juli.logging.DirectJDKLog [main] Starting Servlet engine: [Apache Tomcat/9.0.70]
2023-11-17 17:55:05,844 INFO org.apache.juli.logging.DirectJDKLog [main] Initializing Spring embedded WebApplicationContext
2023-11-17 17:55:05,845 INFO org.springframework.boot.web.servlet.context.ServletWebServerApplicationContext [main] Root WebApplicationContext: initialization completed in 890 ms
2023-11-17 17:55:05,926 INFO org.hibernate.jpa.internal.util.LogHelper [main] HHH000204: Processing PersistenceUnitInfo [name: default]
2023-11-17 17:55:05,947 INFO org.hibernate.Version [main] HHH000412: Hibernate ORM core version 5.6.14.Final
2023-11-17 17:55:06,022 INFO org.hibernate.annotations.common.reflection.java.JavaReflectionManager [main] HCANN000001: Hibernate Commons Annotations {5.1.2.Final}
2023-11-17 17:55:06,067 INFO com.zaxxer.hikari.HikariDataSource [main] HikariPool-1 - Starting...
2023-11-17 17:55:06,252 INFO com.zaxxer.hikari.HikariDataSource [main] HikariPool-1 - Start completed.
2023-11-17 17:55:06,269 INFO org.hibernate.dialect.Dialect [main] HHH000400: Using dialect: org.hibernate.dialect.MySQL8Dialect
2023-11-17 17:55:06,816 INFO org.hibernate.engine.transaction.jta.platform.internal.JtaPlatformInitiator [main] HHH000490: Using JtaPlatform implementation: [org.hibernate.engine.transaction.jta.platform.internal.NoJtaPlatform]
2023-11-17 17:55:06,821 INFO org.springframework.orm.jpa.AbstractEntityManagerFactoryBean [main] Initialized JPA EntityManagerFactory for persistence unit 'default'
2023-11-17 17:55:07,147 INFO org.springframework.security.web.DefaultSecurityFilterChain [main] Will secure any request with [org.springframework.security.web.session.DisableEncodeUrlFilter@65234a9, org.springframework.security.web.context.request.async.WebAsyncManagerIntegrationFilter@4004bfba, org.springframework.security.web.context.SecurityContextPersistenceFilter@5a8835c6, org.springframework.security.web.header.HeaderWriterFilter@6bb71265, org.springframework.security.web.authentication.logout.LogoutFilter@498503cb, com.alberto.gesresfamily.security.JWTAuthorizationFilter@5740ff5e, com.alberto.gesresfamily.security.JWTAutenticationFilter@c19bb2a, org.springframework.security.web.authentication.www.BasicAuthenticationFilter@36ce0bc2, org.springframework.security.web.savedrequest.RequestCacheAwareFilter@6ec77cab, org.springframework.security.web.servletapi.SecurityContextHolderAwareRequestFilter@c7a1db6, org.springframework.security.web.authentication.AnonymousAuthenticationFilter@3599b18, org.springframework.security.web.session.SessionManagementFilter@7a74672, org.springframework.security.web.access.ExceptionTranslationFilter@6d6d81c, org.springframework.security.web.access.intercept.FilterSecurityInterceptor@5b827796]
2023-11-17 17:55:07,166 WARN org.springframework.boot.autoconfigure.orm.jpa.JpaBaseConfiguration$JpaWebConfiguration [main] spring.jpa.open-in-view is enabled by default. Therefore, database queries may be performed during view rendering. Explicitly configure spring.jpa.open-in-view to disable this warning
2023-11-17 17:55:07,367 INFO org.apache.juli.logging.DirectJDKLog [main] Starting ProtocolHandler ["http-nio-8080"]
2023-11-17 17:55:07,380 INFO org.springframework.boot.web.embedded.tomcat.TomcatWebServer [main] Tomcat started on port(s): 8080 (http) with context path ''
2023-11-17 17:55:07,386 INFO org.springframework.boot.StartupInfoLogger [main] Started GesresfamilyApplication in 2.697 seconds (JVM running for 3.009)
2023-11-17 17:55:15,975 INFO org.apache.juli.logging.DirectJDKLog [http-nio-8080-exec-1] Initializing Spring DispatcherServlet 'dispatcherServlet'
2023-11-17 17:55:15,976 INFO org.springframework.web.servlet.FrameworkServlet [http-nio-8080-exec-1] Initializing Servlet 'dispatcherServlet'
2023-11-17 17:55:15,977 INFO org.springframework.web.servlet.FrameworkServlet [http-nio-8080-exec-1] Completed initialization in 1 ms
2023-11-17 17:55:51,590 INFO com.alberto.gesresfamily.controller.CentroController [http-nio-8080-exec-2] Inicio getCentros
2023-11-17 17:55:51,591 INFO com.alberto.gesresfamily.controller.CentroController [http-nio-8080-exec-2] Muestra todos los centros
2023-11-17 17:55:51,605 INFO com.alberto.gesresfamily.controller.CentroController [http-nio-8080-exec-2] Fin getCentros
2023-11-17 17:58:11,174 INFO com.alberto.gesresfamily.controller.PlanController [http-nio-8080-exec-7] Inicio getPlanes
2023-11-17 17:58:11,175 INFO com.alberto.gesresfamily.controller.PlanController [http-nio-8080-exec-7] Muestra todos los planes
2023-11-17 17:58:29,886 INFO com.alberto.gesresfamily.controller.ProfesionalController [http-nio-8080-exec-9] Inicio getProfesionales
2023-11-17 17:58:29,888 INFO com.alberto.gesresfamily.controller.ProfesionalController [http-nio-8080-exec-9] Muestra todos los profesionales
2023-11-17 17:58:29,896 INFO com.alberto.gesresfamily.controller.ProfesionalController [http-nio-8080-exec-9] Fin getProfesinales
2023-11-17 18:02:23,872 INFO com.alberto.gesresfamily.controller.PlanController [http-nio-8080-exec-1] Inicio getPlanes
2023-11-17 18:02:23,873 INFO com.alberto.gesresfamily.controller.PlanController [http-nio-8080-exec-1] Muestra todos los planes
