2023-09-01 00:00:30,078 INFO com.alberto.gesresfamily.controller.ProfesionalController [http-nio-8080-exec-10] Inicio getProfesionales
2023-09-01 00:00:30,088 INFO com.alberto.gesresfamily.controller.ProfesionalController [http-nio-8080-exec-10] Muestra todos los profesionales
2023-09-01 00:00:30,091 INFO com.alberto.gesresfamily.controller.ProfesionalController [http-nio-8080-exec-10] Fin getProfesinales
2023-09-01 00:07:04,438 INFO com.alberto.gesresfamily.controller.ProfesionalController [http-nio-8080-exec-3] Inicio getProfesionales
2023-09-01 00:07:04,439 INFO com.alberto.gesresfamily.controller.ProfesionalController [http-nio-8080-exec-3] Muestra todos los profesionales
2023-09-01 00:07:04,442 INFO com.alberto.gesresfamily.controller.ProfesionalController [http-nio-8080-exec-3] Fin getProfesinales
2023-09-01 00:07:08,019 INFO com.alberto.gesresfamily.controller.ProfesionalController [http-nio-8080-exec-5] Inicio getProfesionales
2023-09-01 00:07:08,020 INFO com.alberto.gesresfamily.controller.ProfesionalController [http-nio-8080-exec-5] Muestra todos los profesionales
2023-09-01 00:07:08,023 INFO com.alberto.gesresfamily.controller.ProfesionalController [http-nio-8080-exec-5] Fin getProfesinales
2023-09-01 00:07:12,038 INFO com.alberto.gesresfamily.controller.ProfesionalController [http-nio-8080-exec-6] Inicio getProfesionales
2023-09-01 00:07:12,038 INFO com.alberto.gesresfamily.controller.ProfesionalController [http-nio-8080-exec-6] Muestra todos los profesionales
2023-09-01 00:07:12,040 INFO com.alberto.gesresfamily.controller.ProfesionalController [http-nio-8080-exec-6] Fin getProfesinales
2023-09-01 00:07:17,061 INFO com.alberto.gesresfamily.controller.ProfesionalController [http-nio-8080-exec-8] Inicio getProfesionales
2023-09-01 00:07:17,061 INFO com.alberto.gesresfamily.controller.ProfesionalController [http-nio-8080-exec-8] Muestra todos los profesionales
2023-09-01 00:07:17,065 INFO com.alberto.gesresfamily.controller.ProfesionalController [http-nio-8080-exec-8] Fin getProfesinales
2023-09-01 00:12:58,856 INFO com.alberto.gesresfamily.controller.ProfesionalController [http-nio-8080-exec-10] Inicio getProfesionales
2023-09-01 00:12:58,856 INFO com.alberto.gesresfamily.controller.ProfesionalController [http-nio-8080-exec-10] Muestra todos los profesionales
2023-09-01 00:12:58,858 INFO com.alberto.gesresfamily.controller.ProfesionalController [http-nio-8080-exec-10] Fin getProfesinales
2023-09-01 00:13:01,885 INFO com.alberto.gesresfamily.controller.ProfesionalController [http-nio-8080-exec-4] Inicio getProfesionales
2023-09-01 00:13:01,886 INFO com.alberto.gesresfamily.controller.ProfesionalController [http-nio-8080-exec-4] Muestra todos los profesionales
2023-09-01 00:13:01,888 INFO com.alberto.gesresfamily.controller.ProfesionalController [http-nio-8080-exec-4] Fin getProfesinales
2023-09-01 00:13:06,311 INFO com.alberto.gesresfamily.controller.ProfesionalController [http-nio-8080-exec-6] Inicio getProfesionales
2023-09-01 00:13:06,311 INFO com.alberto.gesresfamily.controller.ProfesionalController [http-nio-8080-exec-6] Muestra todos los profesionales
2023-09-01 00:13:06,314 INFO com.alberto.gesresfamily.controller.ProfesionalController [http-nio-8080-exec-6] Fin getProfesinales
2023-09-01 00:13:10,194 INFO com.alberto.gesresfamily.controller.ProfesionalController [http-nio-8080-exec-8] Inicio getProfesionales
2023-09-01 00:13:10,194 INFO com.alberto.gesresfamily.controller.ProfesionalController [http-nio-8080-exec-8] Muestra todos los profesionales
2023-09-01 00:13:10,196 INFO com.alberto.gesresfamily.controller.ProfesionalController [http-nio-8080-exec-8] Fin getProfesinales
2023-09-01 00:13:17,331 INFO com.alberto.gesresfamily.controller.ProfesionalController [http-nio-8080-exec-2] Inicio getProfesionales
2023-09-01 00:13:17,332 INFO com.alberto.gesresfamily.controller.ProfesionalController [http-nio-8080-exec-2] Muestra todos los profesionales
2023-09-01 00:13:17,334 INFO com.alberto.gesresfamily.controller.ProfesionalController [http-nio-8080-exec-2] Fin getProfesinales
2023-09-01 00:20:23,840 INFO com.alberto.gesresfamily.controller.ProfesionalController [http-nio-8080-exec-10] Inicio getProfesionales
2023-09-01 00:20:23,842 INFO com.alberto.gesresfamily.controller.ProfesionalController [http-nio-8080-exec-10] Muestra todos los profesionales
2023-09-01 00:20:23,845 INFO com.alberto.gesresfamily.controller.ProfesionalController [http-nio-8080-exec-10] Fin getProfesinales
2023-09-01 00:20:26,636 INFO com.alberto.gesresfamily.controller.ProfesionalController [http-nio-8080-exec-4] Inicio getProfesionales
2023-09-01 00:20:26,637 INFO com.alberto.gesresfamily.controller.ProfesionalController [http-nio-8080-exec-4] Muestra todos los profesionales
2023-09-01 00:20:26,639 INFO com.alberto.gesresfamily.controller.ProfesionalController [http-nio-8080-exec-4] Fin getProfesinales
2023-09-01 00:20:30,923 INFO com.alberto.gesresfamily.controller.ProfesionalController [http-nio-8080-exec-3] Inicio getProfesionales
2023-09-01 00:20:30,924 INFO com.alberto.gesresfamily.controller.ProfesionalController [http-nio-8080-exec-3] Muestra todos los profesionales
2023-09-01 00:20:30,926 INFO com.alberto.gesresfamily.controller.ProfesionalController [http-nio-8080-exec-3] Fin getProfesinales
2023-09-01 00:22:41,439 INFO com.alberto.gesresfamily.controller.ProfesionalController [http-nio-8080-exec-2] Inicio getProfesionales
2023-09-01 00:22:41,439 INFO com.alberto.gesresfamily.controller.ProfesionalController [http-nio-8080-exec-2] Muestra todos los profesionales
2023-09-01 00:22:41,441 INFO com.alberto.gesresfamily.controller.ProfesionalController [http-nio-8080-exec-2] Fin getProfesinales
2023-09-01 00:22:43,723 INFO com.alberto.gesresfamily.controller.ProfesionalController [http-nio-8080-exec-7] Inicio getProfesionales
2023-09-01 00:22:43,724 INFO com.alberto.gesresfamily.controller.ProfesionalController [http-nio-8080-exec-7] Muestra todos los profesionales
2023-09-01 00:22:43,726 INFO com.alberto.gesresfamily.controller.ProfesionalController [http-nio-8080-exec-7] Fin getProfesinales
2023-09-01 00:22:48,731 INFO com.alberto.gesresfamily.controller.ProfesionalController [http-nio-8080-exec-1] Inicio getProfesionales
2023-09-01 00:22:48,731 INFO com.alberto.gesresfamily.controller.ProfesionalController [http-nio-8080-exec-1] Muestra todos los profesionales
2023-09-01 00:22:48,733 INFO com.alberto.gesresfamily.controller.ProfesionalController [http-nio-8080-exec-1] Fin getProfesinales
2023-09-01 00:24:13,870 INFO com.alberto.gesresfamily.controller.ProfesionalController [http-nio-8080-exec-3] Inicio getProfesionales
2023-09-01 00:24:13,871 INFO com.alberto.gesresfamily.controller.ProfesionalController [http-nio-8080-exec-3] Muestra todos los profesionales
2023-09-01 00:24:13,873 INFO com.alberto.gesresfamily.controller.ProfesionalController [http-nio-8080-exec-3] Fin getProfesinales
2023-09-01 00:27:16,665 INFO com.alberto.gesresfamily.controller.ProfesionalController [http-nio-8080-exec-6] Inicio getProfesionales
2023-09-01 00:27:16,666 INFO com.alberto.gesresfamily.controller.ProfesionalController [http-nio-8080-exec-6] Muestra todos los profesionales
2023-09-01 00:27:16,668 INFO com.alberto.gesresfamily.controller.ProfesionalController [http-nio-8080-exec-6] Fin getProfesinales
2023-09-01 00:27:23,378 INFO com.alberto.gesresfamily.controller.ProfesionalController [http-nio-8080-exec-8] Inicio getProfesionales
2023-09-01 00:27:23,379 INFO com.alberto.gesresfamily.controller.ProfesionalController [http-nio-8080-exec-8] Muestra todos los profesionales
2023-09-01 00:27:23,382 INFO com.alberto.gesresfamily.controller.ProfesionalController [http-nio-8080-exec-8] Fin getProfesinales
2023-09-01 00:27:27,420 INFO com.alberto.gesresfamily.controller.ProfesionalController [http-nio-8080-exec-2] Inicio getProfesionales
2023-09-01 00:27:27,420 INFO com.alberto.gesresfamily.controller.ProfesionalController [http-nio-8080-exec-2] Muestra todos los profesionales
2023-09-01 00:27:27,422 INFO com.alberto.gesresfamily.controller.ProfesionalController [http-nio-8080-exec-2] Fin getProfesinales
2023-09-01 00:27:30,011 INFO com.alberto.gesresfamily.controller.ProfesionalController [http-nio-8080-exec-7] Inicio getProfesionales
2023-09-01 00:27:30,011 INFO com.alberto.gesresfamily.controller.ProfesionalController [http-nio-8080-exec-7] Muestra todos los profesionales
2023-09-01 00:27:30,013 INFO com.alberto.gesresfamily.controller.ProfesionalController [http-nio-8080-exec-7] Fin getProfesinales
2023-09-01 00:27:35,745 INFO com.alberto.gesresfamily.controller.ProfesionalController [http-nio-8080-exec-1] Inicio getProfesionales
2023-09-01 00:27:35,745 INFO com.alberto.gesresfamily.controller.ProfesionalController [http-nio-8080-exec-1] Muestra todos los profesionales
2023-09-01 00:27:35,747 INFO com.alberto.gesresfamily.controller.ProfesionalController [http-nio-8080-exec-1] Fin getProfesinales
2023-09-01 00:27:43,171 INFO com.alberto.gesresfamily.controller.ProfesionalController [http-nio-8080-exec-9] Inicio getProfesionales
2023-09-01 00:27:43,172 INFO com.alberto.gesresfamily.controller.ProfesionalController [http-nio-8080-exec-9] Muestra todos los profesionales
2023-09-01 00:27:43,176 INFO com.alberto.gesresfamily.controller.ProfesionalController [http-nio-8080-exec-9] Fin getProfesinales
2023-09-01 00:27:49,668 INFO com.alberto.gesresfamily.controller.ProfesionalController [http-nio-8080-exec-10] Inicio getProfesionales
2023-09-01 00:27:49,669 INFO com.alberto.gesresfamily.controller.ProfesionalController [http-nio-8080-exec-10] Muestra todos los profesionales
2023-09-01 00:27:49,671 INFO com.alberto.gesresfamily.controller.ProfesionalController [http-nio-8080-exec-10] Fin getProfesinales
2023-09-01 00:27:52,592 INFO com.alberto.gesresfamily.controller.ProfesionalController [http-nio-8080-exec-4] Inicio getProfesionales
2023-09-01 00:27:52,593 INFO com.alberto.gesresfamily.controller.ProfesionalController [http-nio-8080-exec-4] Muestra todos los profesionales
2023-09-01 00:27:52,595 INFO com.alberto.gesresfamily.controller.ProfesionalController [http-nio-8080-exec-4] Fin getProfesinales
2023-09-01 00:27:56,367 INFO com.alberto.gesresfamily.controller.ProfesionalController [http-nio-8080-exec-3] Inicio getProfesionales
2023-09-01 00:27:56,367 INFO com.alberto.gesresfamily.controller.ProfesionalController [http-nio-8080-exec-3] Muestra todos los profesionales
2023-09-01 00:27:56,369 INFO com.alberto.gesresfamily.controller.ProfesionalController [http-nio-8080-exec-3] Fin getProfesinales
2023-09-01 00:28:01,791 INFO com.alberto.gesresfamily.controller.ProfesionalController [http-nio-8080-exec-5] Inicio getProfesionales
2023-09-01 00:28:01,792 INFO com.alberto.gesresfamily.controller.ProfesionalController [http-nio-8080-exec-5] Muestra todos los profesionales
2023-09-01 00:28:01,794 INFO com.alberto.gesresfamily.controller.ProfesionalController [http-nio-8080-exec-5] Fin getProfesinales
2023-09-01 00:46:48,189 INFO com.alberto.gesresfamily.controller.ProfesionalController [http-nio-8080-exec-6] Inicio getProfesionales
2023-09-01 00:46:48,190 INFO com.alberto.gesresfamily.controller.ProfesionalController [http-nio-8080-exec-6] Muestra todos los profesionales
2023-09-01 00:46:48,194 INFO com.alberto.gesresfamily.controller.ProfesionalController [http-nio-8080-exec-6] Fin getProfesinales
2023-09-01 00:47:05,168 INFO com.alberto.gesresfamily.controller.ProfesionalController [http-nio-8080-exec-8] Inicio getProfesionales
2023-09-01 00:47:05,168 INFO com.alberto.gesresfamily.controller.ProfesionalController [http-nio-8080-exec-8] Muestra todos los profesionales
2023-09-01 00:47:05,170 INFO com.alberto.gesresfamily.controller.ProfesionalController [http-nio-8080-exec-8] Fin getProfesinales
2023-09-01 00:47:08,610 INFO com.alberto.gesresfamily.controller.ProfesionalController [http-nio-8080-exec-2] Inicio getProfesionales
2023-09-01 00:47:08,610 INFO com.alberto.gesresfamily.controller.ProfesionalController [http-nio-8080-exec-2] Muestra todos los profesionales
2023-09-01 00:47:08,614 INFO com.alberto.gesresfamily.controller.ProfesionalController [http-nio-8080-exec-2] Fin getProfesinales
2023-09-01 00:47:13,859 INFO com.alberto.gesresfamily.controller.ProfesionalController [http-nio-8080-exec-7] Inicio getProfesionales
2023-09-01 00:47:13,859 INFO com.alberto.gesresfamily.controller.ProfesionalController [http-nio-8080-exec-7] Muestra todos los profesionales
2023-09-01 00:47:13,862 INFO com.alberto.gesresfamily.controller.ProfesionalController [http-nio-8080-exec-7] Fin getProfesinales
2023-09-01 00:47:18,479 INFO com.alberto.gesresfamily.controller.ProfesionalController [http-nio-8080-exec-1] Inicio getProfesionales
2023-09-01 00:47:18,480 INFO com.alberto.gesresfamily.controller.ProfesionalController [http-nio-8080-exec-1] Muestra todos los profesionales
2023-09-01 00:47:18,482 INFO com.alberto.gesresfamily.controller.ProfesionalController [http-nio-8080-exec-1] Fin getProfesinales
2023-09-01 01:00:35,922 WARN com.zaxxer.hikari.pool.HikariPool$HouseKeeper [HikariPool-1 housekeeper] HikariPool-1 - Thread starvation or clock leap detected (housekeeper delta=7m5s193ms468µs701ns).
2023-09-01 01:01:03,099 INFO com.alberto.gesresfamily.controller.ProfesionalController [http-nio-8080-exec-6] Inicio getProfesionales
2023-09-01 01:01:03,100 INFO com.alberto.gesresfamily.controller.ProfesionalController [http-nio-8080-exec-6] Muestra todos los profesionales
2023-09-01 01:01:03,103 INFO com.alberto.gesresfamily.controller.ProfesionalController [http-nio-8080-exec-6] Fin getProfesinales
2023-09-01 01:01:33,904 INFO com.alberto.gesresfamily.controller.ProfesionalController [http-nio-8080-exec-8] Inicio getProfesionales
2023-09-01 01:01:33,904 INFO com.alberto.gesresfamily.controller.ProfesionalController [http-nio-8080-exec-8] Muestra todos los profesionales
2023-09-01 01:01:33,907 INFO com.alberto.gesresfamily.controller.ProfesionalController [http-nio-8080-exec-8] Fin getProfesinales
2023-09-01 01:01:41,887 INFO com.alberto.gesresfamily.controller.ProfesionalController [http-nio-8080-exec-2] Inicio getProfesionales
2023-09-01 01:01:41,888 INFO com.alberto.gesresfamily.controller.ProfesionalController [http-nio-8080-exec-2] Muestra todos los profesionales
2023-09-01 01:01:41,891 INFO com.alberto.gesresfamily.controller.ProfesionalController [http-nio-8080-exec-2] Fin getProfesinales
2023-09-01 01:01:51,920 INFO com.alberto.gesresfamily.controller.ProfesionalController [http-nio-8080-exec-7] Inicio getProfesionales
2023-09-01 01:01:51,920 INFO com.alberto.gesresfamily.controller.ProfesionalController [http-nio-8080-exec-7] Muestra todos los profesionales
2023-09-01 01:01:51,923 INFO com.alberto.gesresfamily.controller.ProfesionalController [http-nio-8080-exec-7] Fin getProfesinales
2023-09-01 01:16:10,813 INFO com.alberto.gesresfamily.controller.ProfesionalController [http-nio-8080-exec-3] Inicio getProfesionales
2023-09-01 01:16:10,813 INFO com.alberto.gesresfamily.controller.ProfesionalController [http-nio-8080-exec-3] Muestra todos los profesionales
2023-09-01 01:16:10,817 INFO com.alberto.gesresfamily.controller.ProfesionalController [http-nio-8080-exec-3] Fin getProfesinales
2023-09-01 01:16:16,201 INFO com.alberto.gesresfamily.controller.ProfesionalController [http-nio-8080-exec-5] Inicio getProfesionales
2023-09-01 01:16:16,202 INFO com.alberto.gesresfamily.controller.ProfesionalController [http-nio-8080-exec-5] Muestra todos los profesionales
2023-09-01 01:16:16,205 INFO com.alberto.gesresfamily.controller.ProfesionalController [http-nio-8080-exec-5] Fin getProfesinales
2023-09-01 01:16:19,671 INFO com.alberto.gesresfamily.controller.ProfesionalController [http-nio-8080-exec-6] Inicio getProfesionales
2023-09-01 01:16:19,672 INFO com.alberto.gesresfamily.controller.ProfesionalController [http-nio-8080-exec-6] Muestra todos los profesionales
2023-09-01 01:16:19,674 INFO com.alberto.gesresfamily.controller.ProfesionalController [http-nio-8080-exec-6] Fin getProfesinales
2023-09-01 01:16:27,351 INFO com.alberto.gesresfamily.controller.ProfesionalController [http-nio-8080-exec-8] Inicio getProfesionales
2023-09-01 01:16:27,351 INFO com.alberto.gesresfamily.controller.ProfesionalController [http-nio-8080-exec-8] Muestra todos los profesionales
2023-09-01 01:16:27,353 INFO com.alberto.gesresfamily.controller.ProfesionalController [http-nio-8080-exec-8] Fin getProfesinales
2023-09-01 01:16:31,572 INFO com.alberto.gesresfamily.controller.ProfesionalController [http-nio-8080-exec-2] Inicio getProfesionales
2023-09-01 01:16:31,574 INFO com.alberto.gesresfamily.controller.ProfesionalController [http-nio-8080-exec-2] Muestra todos los profesionales
2023-09-01 01:16:31,576 INFO com.alberto.gesresfamily.controller.ProfesionalController [http-nio-8080-exec-2] Fin getProfesinales
2023-09-01 01:16:38,351 INFO com.alberto.gesresfamily.controller.ProfesionalController [http-nio-8080-exec-7] Inicio getProfesionales
2023-09-01 01:16:38,352 INFO com.alberto.gesresfamily.controller.ProfesionalController [http-nio-8080-exec-7] Muestra todos los profesionales
2023-09-01 01:16:38,354 INFO com.alberto.gesresfamily.controller.ProfesionalController [http-nio-8080-exec-7] Fin getProfesinales
2023-09-01 12:47:08,136 WARN com.zaxxer.hikari.pool.HikariPool$HouseKeeper [HikariPool-1 housekeeper] HikariPool-1 - Thread starvation or clock leap detected (housekeeper delta=10h50m4s827ms54µs200ns).
2023-09-01 12:57:09,415 INFO com.alberto.gesresfamily.controller.CentroController [http-nio-8080-exec-6] Inicio getCentros
2023-09-01 12:57:09,416 INFO com.alberto.gesresfamily.controller.CentroController [http-nio-8080-exec-6] Muestra todos los centros
2023-09-01 12:57:09,425 INFO com.alberto.gesresfamily.controller.CentroController [http-nio-8080-exec-6] Fin getCentros
2023-09-01 12:57:11,988 INFO com.alberto.gesresfamily.controller.ProfesionalController [http-nio-8080-exec-8] Inicio getProfesionales
2023-09-01 12:57:11,988 INFO com.alberto.gesresfamily.controller.ProfesionalController [http-nio-8080-exec-8] Muestra todos los profesionales
2023-09-01 12:57:11,990 INFO com.alberto.gesresfamily.controller.ProfesionalController [http-nio-8080-exec-8] Fin getProfesinales
2023-09-01 12:57:16,789 INFO com.alberto.gesresfamily.controller.ProfesionalController [http-nio-8080-exec-2] Inicio getProfesionales
2023-09-01 12:57:16,790 INFO com.alberto.gesresfamily.controller.ProfesionalController [http-nio-8080-exec-2] Muestra todos los profesionales
2023-09-01 12:57:16,792 INFO com.alberto.gesresfamily.controller.ProfesionalController [http-nio-8080-exec-2] Fin getProfesinales
2023-09-01 12:57:21,984 INFO com.alberto.gesresfamily.controller.ProfesionalController [http-nio-8080-exec-7] Inicio getProfesionales
2023-09-01 12:57:21,985 INFO com.alberto.gesresfamily.controller.ProfesionalController [http-nio-8080-exec-7] Muestra todos los profesionales
2023-09-01 12:57:21,988 INFO com.alberto.gesresfamily.controller.ProfesionalController [http-nio-8080-exec-7] Fin getProfesinales
2023-09-01 12:57:27,465 INFO com.alberto.gesresfamily.controller.ProfesionalController [http-nio-8080-exec-1] Inicio getProfesionales
2023-09-01 12:57:27,465 INFO com.alberto.gesresfamily.controller.ProfesionalController [http-nio-8080-exec-1] Muestra todos los profesionales
2023-09-01 12:57:27,468 INFO com.alberto.gesresfamily.controller.ProfesionalController [http-nio-8080-exec-1] Fin getProfesinales
2023-09-01 12:57:29,865 INFO com.alberto.gesresfamily.controller.ProfesionalController [http-nio-8080-exec-9] Inicio getProfesionales
2023-09-01 12:57:29,865 INFO com.alberto.gesresfamily.controller.ProfesionalController [http-nio-8080-exec-9] Muestra todos los profesionales
2023-09-01 12:57:29,867 INFO com.alberto.gesresfamily.controller.ProfesionalController [http-nio-8080-exec-9] Fin getProfesinales
2023-09-01 13:04:24,127 INFO com.alberto.gesresfamily.controller.ProfesionalController [http-nio-8080-exec-2] Inicio getProfesionales
2023-09-01 13:04:24,129 INFO com.alberto.gesresfamily.controller.ProfesionalController [http-nio-8080-exec-2] Muestra todos los profesionales
2023-09-01 13:04:24,133 INFO com.alberto.gesresfamily.controller.ProfesionalController [http-nio-8080-exec-2] Fin getProfesinales
2023-09-01 13:05:31,572 INFO com.alberto.gesresfamily.controller.ProfesionalController [http-nio-8080-exec-1] Inicio getProfesionales
2023-09-01 13:05:31,572 INFO com.alberto.gesresfamily.controller.ProfesionalController [http-nio-8080-exec-1] Muestra todos los profesionales
2023-09-01 13:05:31,576 INFO com.alberto.gesresfamily.controller.ProfesionalController [http-nio-8080-exec-1] Fin getProfesinales
2023-09-01 13:09:50,607 INFO com.alberto.gesresfamily.controller.ProfesionalController [http-nio-8080-exec-10] Inicio getProfesionales
2023-09-01 13:09:50,607 INFO com.alberto.gesresfamily.controller.ProfesionalController [http-nio-8080-exec-10] Muestra todos los profesionales
2023-09-01 13:09:50,610 INFO com.alberto.gesresfamily.controller.ProfesionalController [http-nio-8080-exec-10] Fin getProfesinales
2023-09-01 13:16:14,759 INFO com.alberto.gesresfamily.controller.ProfesionalController [http-nio-8080-exec-3] Inicio getProfesionales
2023-09-01 13:16:14,761 INFO com.alberto.gesresfamily.controller.ProfesionalController [http-nio-8080-exec-3] Muestra todos los profesionales
2023-09-01 13:16:14,765 INFO com.alberto.gesresfamily.controller.ProfesionalController [http-nio-8080-exec-3] Fin getProfesinales
2023-09-01 13:17:02,827 INFO com.alberto.gesresfamily.controller.ProfesionalController [http-nio-8080-exec-6] Inicio getProfesionales
2023-09-01 13:17:02,830 INFO com.alberto.gesresfamily.controller.ProfesionalController [http-nio-8080-exec-6] Muestra todos los profesionales
2023-09-01 13:17:02,835 INFO com.alberto.gesresfamily.controller.ProfesionalController [http-nio-8080-exec-6] Fin getProfesinales
2023-09-01 13:17:13,080 INFO com.alberto.gesresfamily.controller.ProfesionalController [http-nio-8080-exec-8] Inicio getProfesionales
2023-09-01 13:17:13,080 INFO com.alberto.gesresfamily.controller.ProfesionalController [http-nio-8080-exec-8] Muestra todos los profesionales
2023-09-01 13:17:13,084 INFO com.alberto.gesresfamily.controller.ProfesionalController [http-nio-8080-exec-8] Fin getProfesinales
2023-09-01 13:24:06,425 INFO com.alberto.gesresfamily.controller.ProfesionalController [http-nio-8080-exec-1] Inicio getProfesionales
2023-09-01 13:24:06,425 INFO com.alberto.gesresfamily.controller.ProfesionalController [http-nio-8080-exec-1] Muestra todos los profesionales
2023-09-01 13:24:06,429 INFO com.alberto.gesresfamily.controller.ProfesionalController [http-nio-8080-exec-1] Fin getProfesinales
2023-09-01 13:26:27,328 INFO com.alberto.gesresfamily.controller.ProfesionalController [http-nio-8080-exec-10] Inicio getProfesionales
2023-09-01 13:26:27,329 INFO com.alberto.gesresfamily.controller.ProfesionalController [http-nio-8080-exec-10] Muestra todos los profesionales
2023-09-01 13:26:27,334 INFO com.alberto.gesresfamily.controller.ProfesionalController [http-nio-8080-exec-10] Fin getProfesinales
2023-09-01 13:27:14,784 INFO com.alberto.gesresfamily.controller.ProfesionalController [http-nio-8080-exec-3] Inicio getProfesionales
2023-09-01 13:27:14,785 INFO com.alberto.gesresfamily.controller.ProfesionalController [http-nio-8080-exec-3] Muestra todos los profesionales
2023-09-01 13:27:14,788 INFO com.alberto.gesresfamily.controller.ProfesionalController [http-nio-8080-exec-3] Fin getProfesinales
2023-09-01 13:27:59,646 INFO com.alberto.gesresfamily.controller.ProfesionalController [http-nio-8080-exec-6] Inicio getProfesionales
2023-09-01 13:27:59,647 INFO com.alberto.gesresfamily.controller.ProfesionalController [http-nio-8080-exec-6] Muestra todos los profesionales
2023-09-01 13:27:59,650 INFO com.alberto.gesresfamily.controller.ProfesionalController [http-nio-8080-exec-6] Fin getProfesinales
2023-09-01 13:28:34,754 INFO com.alberto.gesresfamily.controller.ProfesionalController [http-nio-8080-exec-2] Inicio getProfesionales
2023-09-01 13:28:34,755 INFO com.alberto.gesresfamily.controller.ProfesionalController [http-nio-8080-exec-2] Muestra todos los profesionales
2023-09-01 13:28:34,760 INFO com.alberto.gesresfamily.controller.ProfesionalController [http-nio-8080-exec-2] Fin getProfesinales
2023-09-01 13:28:46,688 INFO com.alberto.gesresfamily.controller.ProfesionalController [http-nio-8080-exec-7] Inicio getProfesionales
2023-09-01 13:28:46,688 INFO com.alberto.gesresfamily.controller.ProfesionalController [http-nio-8080-exec-7] Muestra todos los profesionales
2023-09-01 13:28:46,691 INFO com.alberto.gesresfamily.controller.ProfesionalController [http-nio-8080-exec-7] Fin getProfesinales
2023-09-01 13:29:42,655 INFO com.alberto.gesresfamily.controller.ProfesionalController [http-nio-8080-exec-9] Inicio getProfesionales
2023-09-01 13:29:42,657 INFO com.alberto.gesresfamily.controller.ProfesionalController [http-nio-8080-exec-9] Muestra todos los profesionales
2023-09-01 13:29:42,661 INFO com.alberto.gesresfamily.controller.ProfesionalController [http-nio-8080-exec-9] Fin getProfesinales
2023-09-01 13:29:44,793 INFO com.alberto.gesresfamily.controller.CentroController [http-nio-8080-exec-10] Inicio getCentros
2023-09-01 13:29:44,793 INFO com.alberto.gesresfamily.controller.CentroController [http-nio-8080-exec-10] Muestra todos los centros
2023-09-01 13:29:44,795 INFO com.alberto.gesresfamily.controller.CentroController [http-nio-8080-exec-10] Fin getCentros
2023-09-01 13:29:48,078 INFO com.alberto.gesresfamily.controller.ProfesionalController [http-nio-8080-exec-3] Inicio getProfesionales
2023-09-01 13:29:48,078 INFO com.alberto.gesresfamily.controller.ProfesionalController [http-nio-8080-exec-3] Muestra todos los profesionales
2023-09-01 13:29:48,081 INFO com.alberto.gesresfamily.controller.ProfesionalController [http-nio-8080-exec-3] Fin getProfesinales
2023-09-01 13:29:50,659 INFO com.alberto.gesresfamily.controller.ResidenteController [http-nio-8080-exec-5] Inicio getResidentes
2023-09-01 13:29:50,659 INFO com.alberto.gesresfamily.controller.ResidenteController [http-nio-8080-exec-5] Muestra todos los residentes
2023-09-01 13:29:54,617 INFO com.alberto.gesresfamily.controller.ProfesionalController [http-nio-8080-exec-6] Inicio getProfesionales
2023-09-01 13:29:54,618 INFO com.alberto.gesresfamily.controller.ProfesionalController [http-nio-8080-exec-6] Muestra todos los profesionales
2023-09-01 13:29:54,622 INFO com.alberto.gesresfamily.controller.ProfesionalController [http-nio-8080-exec-6] Fin getProfesinales
2023-09-01 13:30:29,527 INFO com.alberto.gesresfamily.controller.ProfesionalController [http-nio-8080-exec-8] Inicio getProfesionales
2023-09-01 13:30:29,527 INFO com.alberto.gesresfamily.controller.ProfesionalController [http-nio-8080-exec-8] Muestra todos los profesionales
2023-09-01 13:30:29,532 INFO com.alberto.gesresfamily.controller.ProfesionalController [http-nio-8080-exec-8] Fin getProfesinales
2023-09-01 13:30:35,329 INFO com.alberto.gesresfamily.controller.ProfesionalController [http-nio-8080-exec-3] Inicio getProfesionales
2023-09-01 13:30:35,330 INFO com.alberto.gesresfamily.controller.ProfesionalController [http-nio-8080-exec-3] Muestra todos los profesionales
2023-09-01 13:30:35,336 INFO com.alberto.gesresfamily.controller.ProfesionalController [http-nio-8080-exec-3] Fin getProfesinales
2023-09-01 18:31:10,044 WARN com.zaxxer.hikari.pool.HikariPool$HouseKeeper [HikariPool-1 housekeeper] HikariPool-1 - Thread starvation or clock leap detected (housekeeper delta=5h2s311ms605µs800ns).
2023-09-01 18:53:01,934 INFO com.alberto.gesresfamily.controller.ProfesionalController [http-nio-8080-exec-6] Inicio getProfesionales
2023-09-01 18:53:01,935 INFO com.alberto.gesresfamily.controller.ProfesionalController [http-nio-8080-exec-6] Muestra todos los profesionales
2023-09-01 18:53:01,939 INFO com.alberto.gesresfamily.controller.ProfesionalController [http-nio-8080-exec-6] Fin getProfesinales
2023-09-01 18:53:17,787 INFO com.alberto.gesresfamily.controller.ProfesionalController [http-nio-8080-exec-8] Inicio getProfesionales
2023-09-01 18:53:17,787 INFO com.alberto.gesresfamily.controller.ProfesionalController [http-nio-8080-exec-8] Muestra todos los profesionales
2023-09-01 18:53:17,789 INFO com.alberto.gesresfamily.controller.ProfesionalController [http-nio-8080-exec-8] Fin getProfesinales
2023-09-01 18:53:23,813 INFO com.alberto.gesresfamily.controller.ProfesionalController [http-nio-8080-exec-9] Inicio getProfesionales
2023-09-01 18:53:23,814 INFO com.alberto.gesresfamily.controller.ProfesionalController [http-nio-8080-exec-9] Muestra todos los profesionales
2023-09-01 18:53:23,816 INFO com.alberto.gesresfamily.controller.ProfesionalController [http-nio-8080-exec-9] Fin getProfesinales
2023-09-01 18:53:37,313 INFO com.alberto.gesresfamily.controller.ProfesionalController [http-nio-8080-exec-7] Inicio getProfesionales
2023-09-01 18:53:37,314 INFO com.alberto.gesresfamily.controller.ProfesionalController [http-nio-8080-exec-7] Muestra todos los profesionales
2023-09-01 18:53:37,316 INFO com.alberto.gesresfamily.controller.ProfesionalController [http-nio-8080-exec-7] Fin getProfesinales
2023-09-01 18:53:49,741 INFO com.alberto.gesresfamily.controller.ProfesionalController [http-nio-8080-exec-3] Inicio getProfesionales
2023-09-01 18:53:49,741 INFO com.alberto.gesresfamily.controller.ProfesionalController [http-nio-8080-exec-3] Muestra todos los profesionales
2023-09-01 18:53:49,743 INFO com.alberto.gesresfamily.controller.ProfesionalController [http-nio-8080-exec-3] Fin getProfesinales
2023-09-01 18:53:55,818 INFO com.alberto.gesresfamily.controller.ProfesionalController [http-nio-8080-exec-5] Inicio getProfesionales
2023-09-01 18:53:55,818 INFO com.alberto.gesresfamily.controller.ProfesionalController [http-nio-8080-exec-5] Muestra todos los profesionales
2023-09-01 18:53:55,821 INFO com.alberto.gesresfamily.controller.ProfesionalController [http-nio-8080-exec-5] Fin getProfesinales
2023-09-01 18:54:13,037 INFO com.alberto.gesresfamily.controller.ProfesionalController [http-nio-8080-exec-6] Inicio getProfesionales
2023-09-01 18:54:13,037 INFO com.alberto.gesresfamily.controller.ProfesionalController [http-nio-8080-exec-6] Muestra todos los profesionales
2023-09-01 18:54:13,039 INFO com.alberto.gesresfamily.controller.ProfesionalController [http-nio-8080-exec-6] Fin getProfesinales
2023-09-01 18:54:23,251 INFO com.alberto.gesresfamily.controller.ProfesionalController [http-nio-8080-exec-8] Inicio getProfesionales
2023-09-01 18:54:23,252 INFO com.alberto.gesresfamily.controller.ProfesionalController [http-nio-8080-exec-8] Muestra todos los profesionales
2023-09-01 18:54:23,254 INFO com.alberto.gesresfamily.controller.ProfesionalController [http-nio-8080-exec-8] Fin getProfesinales
2023-09-01 18:55:26,720 INFO com.alberto.gesresfamily.controller.ProfesionalController [http-nio-8080-exec-4] Inicio getProfesionales
2023-09-01 18:55:26,721 INFO com.alberto.gesresfamily.controller.ProfesionalController [http-nio-8080-exec-4] Muestra todos los profesionales
2023-09-01 18:55:26,723 INFO com.alberto.gesresfamily.controller.ProfesionalController [http-nio-8080-exec-4] Fin getProfesinales
2023-09-01 18:55:39,923 INFO com.alberto.gesresfamily.controller.ProfesionalController [http-nio-8080-exec-10] Inicio getProfesionales
2023-09-01 18:55:39,925 INFO com.alberto.gesresfamily.controller.ProfesionalController [http-nio-8080-exec-10] Muestra todos los profesionales
2023-09-01 18:55:39,927 INFO com.alberto.gesresfamily.controller.ProfesionalController [http-nio-8080-exec-10] Fin getProfesinales
2023-09-01 18:55:52,634 INFO com.alberto.gesresfamily.controller.ProfesionalController [http-nio-8080-exec-3] Inicio getProfesionales
2023-09-01 18:55:52,634 INFO com.alberto.gesresfamily.controller.ProfesionalController [http-nio-8080-exec-3] Muestra todos los profesionales
2023-09-01 18:55:52,638 INFO com.alberto.gesresfamily.controller.ProfesionalController [http-nio-8080-exec-3] Fin getProfesinales
2023-09-01 18:56:05,598 INFO com.alberto.gesresfamily.controller.ProfesionalController [http-nio-8080-exec-5] Inicio getProfesionales
2023-09-01 18:56:05,598 INFO com.alberto.gesresfamily.controller.ProfesionalController [http-nio-8080-exec-5] Muestra todos los profesionales
2023-09-01 18:56:05,600 INFO com.alberto.gesresfamily.controller.ProfesionalController [http-nio-8080-exec-5] Fin getProfesinales
2023-09-01 18:56:19,390 INFO com.alberto.gesresfamily.controller.ProfesionalController [http-nio-8080-exec-6] Inicio getProfesionales
2023-09-01 18:56:19,390 INFO com.alberto.gesresfamily.controller.ProfesionalController [http-nio-8080-exec-6] Muestra todos los profesionales
2023-09-01 18:56:19,393 INFO com.alberto.gesresfamily.controller.ProfesionalController [http-nio-8080-exec-6] Fin getProfesinales
2023-09-01 19:00:55,391 INFO com.alberto.gesresfamily.controller.ProfesionalController [http-nio-8080-exec-4] Inicio getProfesionales
2023-09-01 19:00:55,391 INFO com.alberto.gesresfamily.controller.ProfesionalController [http-nio-8080-exec-4] Muestra todos los profesionales
2023-09-01 19:00:55,397 INFO com.alberto.gesresfamily.controller.ProfesionalController [http-nio-8080-exec-4] Fin getProfesinales
2023-09-01 19:01:38,593 INFO com.alberto.gesresfamily.controller.ProfesionalController [http-nio-8080-exec-3] Inicio getProfesionales
2023-09-01 19:01:38,593 INFO com.alberto.gesresfamily.controller.ProfesionalController [http-nio-8080-exec-3] Muestra todos los profesionales
2023-09-01 19:01:38,598 INFO com.alberto.gesresfamily.controller.ProfesionalController [http-nio-8080-exec-3] Fin getProfesinales
2023-09-01 19:19:56,446 INFO com.alberto.gesresfamily.controller.ProfesionalController [http-nio-8080-exec-6] Inicio getProfesionales
2023-09-01 19:19:56,447 INFO com.alberto.gesresfamily.controller.ProfesionalController [http-nio-8080-exec-6] Muestra todos los profesionales
2023-09-01 19:19:56,451 INFO com.alberto.gesresfamily.controller.ProfesionalController [http-nio-8080-exec-6] Fin getProfesinales
2023-09-01 19:20:02,275 INFO com.alberto.gesresfamily.controller.ProfesionalController [http-nio-8080-exec-2] Inicio getProfesionales
2023-09-01 19:20:02,275 INFO com.alberto.gesresfamily.controller.ProfesionalController [http-nio-8080-exec-2] Muestra todos los profesionales
2023-09-01 19:20:02,280 INFO com.alberto.gesresfamily.controller.ProfesionalController [http-nio-8080-exec-2] Fin getProfesinales
2023-09-01 19:20:38,034 INFO com.alberto.gesresfamily.controller.ProfesionalController [http-nio-8080-exec-1] Inicio getProfesionales
2023-09-01 19:20:38,035 INFO com.alberto.gesresfamily.controller.ProfesionalController [http-nio-8080-exec-1] Muestra todos los profesionales
2023-09-01 19:20:38,038 INFO com.alberto.gesresfamily.controller.ProfesionalController [http-nio-8080-exec-1] Fin getProfesinales
2023-09-01 19:26:12,507 INFO com.alberto.gesresfamily.controller.ProfesionalController [http-nio-8080-exec-4] Inicio getProfesionales
2023-09-01 19:26:12,507 INFO com.alberto.gesresfamily.controller.ProfesionalController [http-nio-8080-exec-4] Muestra todos los profesionales
2023-09-01 19:26:12,511 INFO com.alberto.gesresfamily.controller.ProfesionalController [http-nio-8080-exec-4] Fin getProfesinales
2023-09-01 19:27:32,724 INFO com.alberto.gesresfamily.controller.ProfesionalController [http-nio-8080-exec-3] Inicio getProfesionales
2023-09-01 19:27:32,725 INFO com.alberto.gesresfamily.controller.ProfesionalController [http-nio-8080-exec-3] Muestra todos los profesionales
2023-09-01 19:27:32,727 INFO com.alberto.gesresfamily.controller.ProfesionalController [http-nio-8080-exec-3] Fin getProfesinales
2023-09-01 19:30:46,104 INFO com.alberto.gesresfamily.controller.ProfesionalController [http-nio-8080-exec-6] Inicio getProfesionales
2023-09-01 19:30:46,104 INFO com.alberto.gesresfamily.controller.ProfesionalController [http-nio-8080-exec-6] Muestra todos los profesionales
2023-09-01 19:30:46,110 INFO com.alberto.gesresfamily.controller.ProfesionalController [http-nio-8080-exec-6] Fin getProfesinales
2023-09-01 19:30:51,972 INFO com.alberto.gesresfamily.controller.ProfesionalController [http-nio-8080-exec-2] Inicio getProfesionales
2023-09-01 19:30:51,972 INFO com.alberto.gesresfamily.controller.ProfesionalController [http-nio-8080-exec-2] Muestra todos los profesionales
2023-09-01 19:30:51,977 INFO com.alberto.gesresfamily.controller.ProfesionalController [http-nio-8080-exec-2] Fin getProfesinales
2023-09-01 19:31:59,729 INFO com.alberto.gesresfamily.controller.ProfesionalController [http-nio-8080-exec-9] Inicio getProfesionales
2023-09-01 19:31:59,729 INFO com.alberto.gesresfamily.controller.ProfesionalController [http-nio-8080-exec-9] Muestra todos los profesionales
2023-09-01 19:31:59,733 INFO com.alberto.gesresfamily.controller.ProfesionalController [http-nio-8080-exec-9] Fin getProfesinales
2023-09-01 19:32:00,505 INFO com.alberto.gesresfamily.controller.ProfesionalController [http-nio-8080-exec-7] Inicio getProfesionales
2023-09-01 19:32:00,505 INFO com.alberto.gesresfamily.controller.ProfesionalController [http-nio-8080-exec-7] Muestra todos los profesionales
2023-09-01 19:32:00,509 INFO com.alberto.gesresfamily.controller.ProfesionalController [http-nio-8080-exec-7] Fin getProfesinales
2023-09-01 19:49:22,346 INFO com.alberto.gesresfamily.controller.ProfesionalController [http-nio-8080-exec-3] Inicio getProfesionales
2023-09-01 19:49:22,346 INFO com.alberto.gesresfamily.controller.ProfesionalController [http-nio-8080-exec-3] Muestra todos los profesionales
2023-09-01 19:49:22,349 INFO com.alberto.gesresfamily.controller.ProfesionalController [http-nio-8080-exec-3] Fin getProfesinales
2023-09-01 19:49:27,790 INFO com.alberto.gesresfamily.controller.ProfesionalController [http-nio-8080-exec-6] Inicio getProfesionales
2023-09-01 19:49:27,790 INFO com.alberto.gesresfamily.controller.ProfesionalController [http-nio-8080-exec-6] Muestra todos los profesionales
2023-09-01 19:49:27,793 INFO com.alberto.gesresfamily.controller.ProfesionalController [http-nio-8080-exec-6] Fin getProfesinales
2023-09-01 19:51:07,145 INFO com.alberto.gesresfamily.controller.ProfesionalController [http-nio-8080-exec-2] Inicio getProfesionales
2023-09-01 19:51:07,146 INFO com.alberto.gesresfamily.controller.ProfesionalController [http-nio-8080-exec-2] Muestra todos los profesionales
2023-09-01 19:51:07,148 INFO com.alberto.gesresfamily.controller.ProfesionalController [http-nio-8080-exec-2] Fin getProfesinales
2023-09-01 19:52:55,708 INFO com.alberto.gesresfamily.controller.ProfesionalController [http-nio-8080-exec-9] Inicio getProfesionales
2023-09-01 19:52:55,709 INFO com.alberto.gesresfamily.controller.ProfesionalController [http-nio-8080-exec-9] Muestra todos los profesionales
2023-09-01 19:52:55,711 INFO com.alberto.gesresfamily.controller.ProfesionalController [http-nio-8080-exec-9] Fin getProfesinales
2023-09-01 19:52:58,416 INFO com.alberto.gesresfamily.controller.ProfesionalController [http-nio-8080-exec-4] Inicio getProfesionales
2023-09-01 19:52:58,416 INFO com.alberto.gesresfamily.controller.ProfesionalController [http-nio-8080-exec-4] Muestra todos los profesionales
2023-09-01 19:52:58,419 INFO com.alberto.gesresfamily.controller.ProfesionalController [http-nio-8080-exec-4] Fin getProfesinales
2023-09-01 19:54:24,553 INFO com.alberto.gesresfamily.controller.ProfesionalController [http-nio-8080-exec-3] Inicio getProfesionales
2023-09-01 19:54:24,553 INFO com.alberto.gesresfamily.controller.ProfesionalController [http-nio-8080-exec-3] Muestra todos los profesionales
2023-09-01 19:54:24,556 INFO com.alberto.gesresfamily.controller.ProfesionalController [http-nio-8080-exec-3] Fin getProfesinales
2023-09-01 19:56:13,759 INFO com.alberto.gesresfamily.controller.ProfesionalController [http-nio-8080-exec-6] Inicio getProfesionales
2023-09-01 19:56:13,759 INFO com.alberto.gesresfamily.controller.ProfesionalController [http-nio-8080-exec-6] Muestra todos los profesionales
2023-09-01 19:56:13,762 INFO com.alberto.gesresfamily.controller.ProfesionalController [http-nio-8080-exec-6] Fin getProfesinales
2023-09-01 19:58:08,750 INFO com.alberto.gesresfamily.controller.ProfesionalController [http-nio-8080-exec-2] Inicio getProfesionales
2023-09-01 19:58:08,751 INFO com.alberto.gesresfamily.controller.ProfesionalController [http-nio-8080-exec-2] Muestra todos los profesionales
2023-09-01 19:58:08,754 INFO com.alberto.gesresfamily.controller.ProfesionalController [http-nio-8080-exec-2] Fin getProfesinales
2023-09-01 20:08:51,621 INFO com.alberto.gesresfamily.controller.ProfesionalController [http-nio-8080-exec-9] Inicio getProfesionales
2023-09-01 20:08:51,622 INFO com.alberto.gesresfamily.controller.ProfesionalController [http-nio-8080-exec-9] Muestra todos los profesionales
2023-09-01 20:08:51,627 INFO com.alberto.gesresfamily.controller.ProfesionalController [http-nio-8080-exec-9] Fin getProfesinales
2023-09-01 20:09:04,973 INFO com.alberto.gesresfamily.controller.ProfesionalController [http-nio-8080-exec-7] Inicio getProfesionales
2023-09-01 20:09:04,974 INFO com.alberto.gesresfamily.controller.ProfesionalController [http-nio-8080-exec-7] Muestra todos los profesionales
2023-09-01 20:09:04,977 INFO com.alberto.gesresfamily.controller.ProfesionalController [http-nio-8080-exec-7] Fin getProfesinales
2023-09-01 20:09:16,807 INFO com.alberto.gesresfamily.controller.ProfesionalController [http-nio-8080-exec-4] Inicio getProfesionales
2023-09-01 20:09:16,808 INFO com.alberto.gesresfamily.controller.ProfesionalController [http-nio-8080-exec-4] Muestra todos los profesionales
2023-09-01 20:09:16,810 INFO com.alberto.gesresfamily.controller.ProfesionalController [http-nio-8080-exec-4] Fin getProfesinales
2023-09-01 20:09:20,935 INFO com.alberto.gesresfamily.controller.ProfesionalController [http-nio-8080-exec-10] Inicio getProfesionales
2023-09-01 20:09:20,936 INFO com.alberto.gesresfamily.controller.ProfesionalController [http-nio-8080-exec-10] Muestra todos los profesionales
2023-09-01 20:09:20,938 INFO com.alberto.gesresfamily.controller.ProfesionalController [http-nio-8080-exec-10] Fin getProfesinales
2023-09-01 20:09:26,048 INFO com.alberto.gesresfamily.controller.ProfesionalController [http-nio-8080-exec-3] Inicio getProfesionales
2023-09-01 20:09:26,048 INFO com.alberto.gesresfamily.controller.ProfesionalController [http-nio-8080-exec-3] Muestra todos los profesionales
2023-09-01 20:09:26,050 INFO com.alberto.gesresfamily.controller.ProfesionalController [http-nio-8080-exec-3] Fin getProfesinales
2023-09-01 20:09:33,224 INFO com.alberto.gesresfamily.controller.ProfesionalController [http-nio-8080-exec-5] Inicio getProfesionales
2023-09-01 20:09:33,224 INFO com.alberto.gesresfamily.controller.ProfesionalController [http-nio-8080-exec-5] Muestra todos los profesionales
2023-09-01 20:09:33,226 INFO com.alberto.gesresfamily.controller.ProfesionalController [http-nio-8080-exec-5] Fin getProfesinales
2023-09-01 20:09:36,553 INFO com.alberto.gesresfamily.controller.ProfesionalController [http-nio-8080-exec-6] Inicio getProfesionales
2023-09-01 20:09:36,554 INFO com.alberto.gesresfamily.controller.ProfesionalController [http-nio-8080-exec-6] Muestra todos los profesionales
2023-09-01 20:09:36,556 INFO com.alberto.gesresfamily.controller.ProfesionalController [http-nio-8080-exec-6] Fin getProfesinales
2023-09-01 20:09:40,543 INFO com.alberto.gesresfamily.controller.ProfesionalController [http-nio-8080-exec-8] Inicio getProfesionales
2023-09-01 20:09:40,543 INFO com.alberto.gesresfamily.controller.ProfesionalController [http-nio-8080-exec-8] Muestra todos los profesionales
2023-09-01 20:09:40,545 INFO com.alberto.gesresfamily.controller.ProfesionalController [http-nio-8080-exec-8] Fin getProfesinales
2023-09-01 20:09:46,649 INFO com.alberto.gesresfamily.controller.ProfesionalController [http-nio-8080-exec-2] Inicio getProfesionales
2023-09-01 20:09:46,650 INFO com.alberto.gesresfamily.controller.ProfesionalController [http-nio-8080-exec-2] Muestra todos los profesionales
2023-09-01 20:09:46,653 INFO com.alberto.gesresfamily.controller.ProfesionalController [http-nio-8080-exec-2] Fin getProfesinales
2023-09-01 20:09:51,677 INFO com.alberto.gesresfamily.controller.ProfesionalController [http-nio-8080-exec-1] Inicio getProfesionales
2023-09-01 20:09:51,677 INFO com.alberto.gesresfamily.controller.ProfesionalController [http-nio-8080-exec-1] Muestra todos los profesionales
2023-09-01 20:09:51,679 INFO com.alberto.gesresfamily.controller.ProfesionalController [http-nio-8080-exec-1] Fin getProfesinales
2023-09-01 20:09:55,661 INFO com.alberto.gesresfamily.controller.ProfesionalController [http-nio-8080-exec-7] Inicio getProfesionales
2023-09-01 20:09:55,662 INFO com.alberto.gesresfamily.controller.ProfesionalController [http-nio-8080-exec-7] Muestra todos los profesionales
2023-09-01 20:09:55,664 INFO com.alberto.gesresfamily.controller.ProfesionalController [http-nio-8080-exec-7] Fin getProfesinales
2023-09-01 20:10:01,090 INFO com.alberto.gesresfamily.controller.ProfesionalController [http-nio-8080-exec-4] Inicio getProfesionales
2023-09-01 20:10:01,091 INFO com.alberto.gesresfamily.controller.ProfesionalController [http-nio-8080-exec-4] Muestra todos los profesionales
2023-09-01 20:10:01,093 INFO com.alberto.gesresfamily.controller.ProfesionalController [http-nio-8080-exec-4] Fin getProfesinales
2023-09-01 20:10:06,398 INFO com.alberto.gesresfamily.controller.ProfesionalController [http-nio-8080-exec-3] Inicio getProfesionales
2023-09-01 20:10:06,398 INFO com.alberto.gesresfamily.controller.ProfesionalController [http-nio-8080-exec-3] Muestra todos los profesionales
2023-09-01 20:10:06,400 INFO com.alberto.gesresfamily.controller.ProfesionalController [http-nio-8080-exec-3] Fin getProfesinales
2023-09-01 20:10:11,977 INFO com.alberto.gesresfamily.controller.ProfesionalController [http-nio-8080-exec-5] Inicio getProfesionales
2023-09-01 20:10:11,977 INFO com.alberto.gesresfamily.controller.ProfesionalController [http-nio-8080-exec-5] Muestra todos los profesionales
2023-09-01 20:10:11,979 INFO com.alberto.gesresfamily.controller.ProfesionalController [http-nio-8080-exec-5] Fin getProfesinales
2023-09-01 20:10:17,491 INFO com.alberto.gesresfamily.controller.ProfesionalController [http-nio-8080-exec-8] Inicio getProfesionales
2023-09-01 20:10:17,492 INFO com.alberto.gesresfamily.controller.ProfesionalController [http-nio-8080-exec-8] Muestra todos los profesionales
2023-09-01 20:10:17,499 INFO com.alberto.gesresfamily.controller.ProfesionalController [http-nio-8080-exec-8] Fin getProfesinales
2023-09-01 20:10:30,408 INFO com.alberto.gesresfamily.controller.ProfesionalController [http-nio-8080-exec-9] Inicio getProfesionales
2023-09-01 20:10:30,408 INFO com.alberto.gesresfamily.controller.ProfesionalController [http-nio-8080-exec-9] Muestra todos los profesionales
2023-09-01 20:10:30,412 INFO com.alberto.gesresfamily.controller.ProfesionalController [http-nio-8080-exec-9] Fin getProfesinales
2023-09-01 20:10:43,588 INFO com.alberto.gesresfamily.controller.ProfesionalController [http-nio-8080-exec-3] Inicio getProfesionales
2023-09-01 20:10:43,588 INFO com.alberto.gesresfamily.controller.ProfesionalController [http-nio-8080-exec-3] Muestra todos los profesionales
2023-09-01 20:10:43,590 INFO com.alberto.gesresfamily.controller.ProfesionalController [http-nio-8080-exec-3] Fin getProfesinales
2023-09-01 20:27:08,532 INFO com.alberto.gesresfamily.controller.ProfesionalController [http-nio-8080-exec-3] Inicio getProfesionales
2023-09-01 20:27:08,534 INFO com.alberto.gesresfamily.controller.ProfesionalController [http-nio-8080-exec-3] Muestra todos los profesionales
2023-09-01 20:27:08,537 INFO com.alberto.gesresfamily.controller.ProfesionalController [http-nio-8080-exec-3] Fin getProfesinales
2023-09-01 20:27:15,357 INFO com.alberto.gesresfamily.controller.ProfesionalController [http-nio-8080-exec-6] Inicio getProfesionales
2023-09-01 20:27:15,358 INFO com.alberto.gesresfamily.controller.ProfesionalController [http-nio-8080-exec-6] Muestra todos los profesionales
2023-09-01 20:27:15,360 INFO com.alberto.gesresfamily.controller.ProfesionalController [http-nio-8080-exec-6] Fin getProfesinales
2023-09-01 20:27:18,488 INFO com.alberto.gesresfamily.controller.ProfesionalController [http-nio-8080-exec-8] Inicio getProfesionales
2023-09-01 20:27:18,489 INFO com.alberto.gesresfamily.controller.ProfesionalController [http-nio-8080-exec-8] Muestra todos los profesionales
2023-09-01 20:27:18,493 INFO com.alberto.gesresfamily.controller.ProfesionalController [http-nio-8080-exec-8] Fin getProfesinales
2023-09-01 20:27:29,711 INFO com.alberto.gesresfamily.controller.ProfesionalController [http-nio-8080-exec-2] Inicio getProfesionales
2023-09-01 20:27:29,712 INFO com.alberto.gesresfamily.controller.ProfesionalController [http-nio-8080-exec-2] Muestra todos los profesionales
2023-09-01 20:27:29,715 INFO com.alberto.gesresfamily.controller.ProfesionalController [http-nio-8080-exec-2] Fin getProfesinales
2023-09-01 20:27:37,080 INFO com.alberto.gesresfamily.controller.ProfesionalController [http-nio-8080-exec-1] Inicio getProfesionales
2023-09-01 20:27:37,081 INFO com.alberto.gesresfamily.controller.ProfesionalController [http-nio-8080-exec-1] Muestra todos los profesionales
2023-09-01 20:27:37,083 INFO com.alberto.gesresfamily.controller.ProfesionalController [http-nio-8080-exec-1] Fin getProfesinales
2023-09-01 20:27:41,750 INFO com.alberto.gesresfamily.controller.ProfesionalController [http-nio-8080-exec-9] Inicio getProfesionales
2023-09-01 20:27:41,750 INFO com.alberto.gesresfamily.controller.ProfesionalController [http-nio-8080-exec-9] Muestra todos los profesionales
2023-09-01 20:27:41,752 INFO com.alberto.gesresfamily.controller.ProfesionalController [http-nio-8080-exec-9] Fin getProfesinales
2023-09-01 20:31:29,164 INFO com.alberto.gesresfamily.controller.ProfesionalController [http-nio-8080-exec-6] Inicio getProfesionales
2023-09-01 20:31:29,166 INFO com.alberto.gesresfamily.controller.ProfesionalController [http-nio-8080-exec-6] Muestra todos los profesionales
2023-09-01 20:31:29,172 INFO com.alberto.gesresfamily.controller.ProfesionalController [http-nio-8080-exec-6] Fin getProfesinales
2023-09-01 20:31:34,461 INFO com.alberto.gesresfamily.controller.CentroController [http-nio-8080-exec-2] Inicio getCentros
2023-09-01 20:31:34,462 INFO com.alberto.gesresfamily.controller.CentroController [http-nio-8080-exec-2] Muestra todos los centros
2023-09-01 20:31:34,465 INFO com.alberto.gesresfamily.controller.CentroController [http-nio-8080-exec-2] Fin getCentros
2023-09-01 20:31:54,542 INFO com.alberto.gesresfamily.controller.CentroController [http-nio-8080-exec-1] Inicio modifyCentro
2023-09-01 20:31:54,576 INFO com.alberto.gesresfamily.controller.CentroController [http-nio-8080-exec-1] Fin modifyCentro
2023-09-01 20:31:57,815 INFO com.alberto.gesresfamily.controller.CentroController [http-nio-8080-exec-9] Inicio getCentros
2023-09-01 20:31:57,815 INFO com.alberto.gesresfamily.controller.CentroController [http-nio-8080-exec-9] Muestra todos los centros
2023-09-01 20:31:57,817 INFO com.alberto.gesresfamily.controller.CentroController [http-nio-8080-exec-9] Fin getCentros
2023-09-01 20:32:13,911 INFO com.alberto.gesresfamily.controller.CentroController [http-nio-8080-exec-7] Inicio getCentros
2023-09-01 20:32:13,911 INFO com.alberto.gesresfamily.controller.CentroController [http-nio-8080-exec-7] Muestra todos los centros
2023-09-01 20:32:13,913 INFO com.alberto.gesresfamily.controller.CentroController [http-nio-8080-exec-7] Fin getCentros
2023-09-01 20:32:23,771 INFO com.alberto.gesresfamily.controller.CentroController [http-nio-8080-exec-4] Inicio getCentros
2023-09-01 20:32:23,771 INFO com.alberto.gesresfamily.controller.CentroController [http-nio-8080-exec-4] Muestra todos los centros
2023-09-01 20:32:23,773 INFO com.alberto.gesresfamily.controller.CentroController [http-nio-8080-exec-4] Fin getCentros
2023-09-01 20:32:29,092 INFO com.alberto.gesresfamily.controller.CentroController [http-nio-8080-exec-10] Inicio getCentros
2023-09-01 20:32:29,093 INFO com.alberto.gesresfamily.controller.CentroController [http-nio-8080-exec-10] Muestra todos los centros
2023-09-01 20:32:29,095 INFO com.alberto.gesresfamily.controller.CentroController [http-nio-8080-exec-10] Fin getCentros
2023-09-01 20:32:30,937 INFO com.alberto.gesresfamily.controller.ProfesionalController [http-nio-8080-exec-3] Inicio getProfesionales
2023-09-01 20:32:30,938 INFO com.alberto.gesresfamily.controller.ProfesionalController [http-nio-8080-exec-3] Muestra todos los profesionales
2023-09-01 20:32:30,940 INFO com.alberto.gesresfamily.controller.ProfesionalController [http-nio-8080-exec-3] Fin getProfesinales
2023-09-01 20:32:42,404 INFO com.alberto.gesresfamily.controller.ProfesionalController [http-nio-8080-exec-6] Inicio getProfesionales
2023-09-01 20:32:42,405 INFO com.alberto.gesresfamily.controller.ProfesionalController [http-nio-8080-exec-6] Muestra todos los profesionales
2023-09-01 20:32:42,406 INFO com.alberto.gesresfamily.controller.ProfesionalController [http-nio-8080-exec-6] Fin getProfesinales
2023-09-01 20:32:46,481 INFO com.alberto.gesresfamily.controller.ProfesionalController [http-nio-8080-exec-8] Inicio getProfesionales
2023-09-01 20:32:46,481 INFO com.alberto.gesresfamily.controller.ProfesionalController [http-nio-8080-exec-8] Muestra todos los profesionales
2023-09-01 20:32:46,483 INFO com.alberto.gesresfamily.controller.ProfesionalController [http-nio-8080-exec-8] Fin getProfesinales
2023-09-01 20:32:50,798 INFO com.alberto.gesresfamily.controller.ProfesionalController [http-nio-8080-exec-2] Inicio getProfesionales
2023-09-01 20:32:50,798 INFO com.alberto.gesresfamily.controller.ProfesionalController [http-nio-8080-exec-2] Muestra todos los profesionales
2023-09-01 20:32:50,800 INFO com.alberto.gesresfamily.controller.ProfesionalController [http-nio-8080-exec-2] Fin getProfesinales
2023-09-01 20:33:07,377 INFO com.alberto.gesresfamily.controller.ResidenteController [http-nio-8080-exec-7] Inicio getResidentes
2023-09-01 20:33:07,377 INFO com.alberto.gesresfamily.controller.ResidenteController [http-nio-8080-exec-7] Muestra todos los residentes
2023-09-01 20:33:09,888 INFO com.alberto.gesresfamily.controller.ProfesionalController [http-nio-8080-exec-4] Inicio getProfesionales
2023-09-01 20:33:09,889 INFO com.alberto.gesresfamily.controller.ProfesionalController [http-nio-8080-exec-4] Muestra todos los profesionales
2023-09-01 20:33:09,891 INFO com.alberto.gesresfamily.controller.ProfesionalController [http-nio-8080-exec-4] Fin getProfesinales
2023-09-01 20:33:12,554 INFO com.alberto.gesresfamily.controller.ProfesionalController [http-nio-8080-exec-10] Inicio getProfesionales
2023-09-01 20:33:12,555 INFO com.alberto.gesresfamily.controller.ProfesionalController [http-nio-8080-exec-10] Muestra todos los profesionales
2023-09-01 20:33:12,557 INFO com.alberto.gesresfamily.controller.ProfesionalController [http-nio-8080-exec-10] Fin getProfesinales
2023-09-01 20:33:14,887 INFO com.alberto.gesresfamily.controller.ProfesionalController [http-nio-8080-exec-5] Inicio getProfesionales
2023-09-01 20:33:14,887 INFO com.alberto.gesresfamily.controller.ProfesionalController [http-nio-8080-exec-5] Muestra todos los profesionales
2023-09-01 20:33:14,889 INFO com.alberto.gesresfamily.controller.ProfesionalController [http-nio-8080-exec-5] Fin getProfesinales
2023-09-01 20:33:17,234 INFO com.alberto.gesresfamily.controller.ProfesionalController [http-nio-8080-exec-6] Inicio getProfesionales
2023-09-01 20:33:17,235 INFO com.alberto.gesresfamily.controller.ProfesionalController [http-nio-8080-exec-6] Muestra todos los profesionales
2023-09-01 20:33:17,236 INFO com.alberto.gesresfamily.controller.ProfesionalController [http-nio-8080-exec-6] Fin getProfesinales
2023-09-01 20:35:25,683 INFO com.alberto.gesresfamily.controller.CentroController [http-nio-8080-exec-2] Inicio getCentros
2023-09-01 20:35:25,684 INFO com.alberto.gesresfamily.controller.CentroController [http-nio-8080-exec-2] Muestra todos los centros
2023-09-01 20:35:25,687 INFO com.alberto.gesresfamily.controller.CentroController [http-nio-8080-exec-2] Fin getCentros
2023-09-01 20:35:27,822 INFO com.alberto.gesresfamily.controller.CentroController [http-nio-8080-exec-1] Inicio getCentros
2023-09-01 20:35:27,822 INFO com.alberto.gesresfamily.controller.CentroController [http-nio-8080-exec-1] Muestra todos los centros
2023-09-01 20:35:27,826 INFO com.alberto.gesresfamily.controller.CentroController [http-nio-8080-exec-1] Fin getCentros
2023-09-01 20:35:32,521 INFO com.alberto.gesresfamily.controller.CentroController [http-nio-8080-exec-9] Inicio getCentros
2023-09-01 20:35:32,522 INFO com.alberto.gesresfamily.controller.CentroController [http-nio-8080-exec-9] Muestra todos los centros
2023-09-01 20:35:32,524 INFO com.alberto.gesresfamily.controller.CentroController [http-nio-8080-exec-9] Fin getCentros
2023-09-01 20:35:36,021 INFO com.alberto.gesresfamily.controller.CentroController [http-nio-8080-exec-7] Inicio getCentros
2023-09-01 20:35:36,021 INFO com.alberto.gesresfamily.controller.CentroController [http-nio-8080-exec-7] Muestra todos los centros
2023-09-01 20:35:36,023 INFO com.alberto.gesresfamily.controller.CentroController [http-nio-8080-exec-7] Fin getCentros
2023-09-01 20:35:38,249 INFO com.alberto.gesresfamily.controller.CentroController [http-nio-8080-exec-4] Inicio getCentros
2023-09-01 20:35:38,250 INFO com.alberto.gesresfamily.controller.CentroController [http-nio-8080-exec-4] Muestra todos los centros
2023-09-01 20:35:38,252 INFO com.alberto.gesresfamily.controller.CentroController [http-nio-8080-exec-4] Fin getCentros
2023-09-01 20:35:40,884 INFO com.alberto.gesresfamily.controller.CentroController [http-nio-8080-exec-10] Inicio getCentros
2023-09-01 20:35:40,884 INFO com.alberto.gesresfamily.controller.CentroController [http-nio-8080-exec-10] Muestra todos los centros
2023-09-01 20:35:40,886 INFO com.alberto.gesresfamily.controller.CentroController [http-nio-8080-exec-10] Fin getCentros
2023-09-01 20:35:42,926 INFO com.alberto.gesresfamily.controller.ProfesionalController [http-nio-8080-exec-3] Inicio getProfesionales
2023-09-01 20:35:42,927 INFO com.alberto.gesresfamily.controller.ProfesionalController [http-nio-8080-exec-3] Muestra todos los profesionales
2023-09-01 20:35:42,928 INFO com.alberto.gesresfamily.controller.ProfesionalController [http-nio-8080-exec-3] Fin getProfesinales
2023-09-01 20:35:48,074 INFO com.alberto.gesresfamily.controller.ProfesionalController [http-nio-8080-exec-5] Inicio getProfesionales
2023-09-01 20:35:48,074 INFO com.alberto.gesresfamily.controller.ProfesionalController [http-nio-8080-exec-5] Muestra todos los profesionales
2023-09-01 20:35:48,076 INFO com.alberto.gesresfamily.controller.ProfesionalController [http-nio-8080-exec-5] Fin getProfesinales
2023-09-01 20:35:51,626 INFO com.alberto.gesresfamily.controller.ProfesionalController [http-nio-8080-exec-6] Inicio getProfesionales
2023-09-01 20:35:51,627 INFO com.alberto.gesresfamily.controller.ProfesionalController [http-nio-8080-exec-6] Muestra todos los profesionales
2023-09-01 20:35:51,628 INFO com.alberto.gesresfamily.controller.ProfesionalController [http-nio-8080-exec-6] Fin getProfesinales
2023-09-01 20:35:55,627 INFO com.alberto.gesresfamily.controller.ProfesionalController [http-nio-8080-exec-8] Inicio getProfesionales
2023-09-01 20:35:55,627 INFO com.alberto.gesresfamily.controller.ProfesionalController [http-nio-8080-exec-8] Muestra todos los profesionales
2023-09-01 20:35:55,629 INFO com.alberto.gesresfamily.controller.ProfesionalController [http-nio-8080-exec-8] Fin getProfesinales
2023-09-01 20:35:57,153 INFO com.alberto.gesresfamily.controller.CentroController [http-nio-8080-exec-2] Inicio getCentros
2023-09-01 20:35:57,153 INFO com.alberto.gesresfamily.controller.CentroController [http-nio-8080-exec-2] Muestra todos los centros
2023-09-01 20:35:57,155 INFO com.alberto.gesresfamily.controller.CentroController [http-nio-8080-exec-2] Fin getCentros
2023-09-01 20:35:57,848 INFO com.alberto.gesresfamily.controller.CentroController [http-nio-8080-exec-1] Inicio getCentros
2023-09-01 20:35:57,848 INFO com.alberto.gesresfamily.controller.CentroController [http-nio-8080-exec-1] Muestra todos los centros
2023-09-01 20:35:57,851 INFO com.alberto.gesresfamily.controller.CentroController [http-nio-8080-exec-1] Fin getCentros
2023-09-01 20:35:59,155 INFO com.alberto.gesresfamily.controller.CentroController [http-nio-8080-exec-9] Inicio getCentros
2023-09-01 20:35:59,155 INFO com.alberto.gesresfamily.controller.CentroController [http-nio-8080-exec-9] Muestra todos los centros
2023-09-01 20:35:59,158 INFO com.alberto.gesresfamily.controller.CentroController [http-nio-8080-exec-9] Fin getCentros
2023-09-01 20:36:03,744 INFO com.alberto.gesresfamily.controller.CentroController [http-nio-8080-exec-7] Inicio getCentros
2023-09-01 20:36:03,744 INFO com.alberto.gesresfamily.controller.CentroController [http-nio-8080-exec-7] Muestra todos los centros
2023-09-01 20:36:03,746 INFO com.alberto.gesresfamily.controller.CentroController [http-nio-8080-exec-7] Fin getCentros
2023-09-01 20:36:07,349 INFO com.alberto.gesresfamily.controller.ResidenteController [http-nio-8080-exec-4] Inicio getResidentes
2023-09-01 20:36:07,350 INFO com.alberto.gesresfamily.controller.ResidenteController [http-nio-8080-exec-4] Muestra todos los residentes
2023-09-01 20:36:09,930 INFO com.alberto.gesresfamily.controller.ResidenteController [http-nio-8080-exec-10] Inicio getResidentes
2023-09-01 20:36:09,931 INFO com.alberto.gesresfamily.controller.ResidenteController [http-nio-8080-exec-10] Muestra todos los residentes
2023-09-01 22:35:25,973 INFO com.alberto.gesresfamily.controller.CentroController [http-nio-8080-exec-9] Inicio getCentros
2023-09-01 22:35:25,973 INFO com.alberto.gesresfamily.controller.CentroController [http-nio-8080-exec-9] Muestra todos los centros
2023-09-01 22:35:25,977 INFO com.alberto.gesresfamily.controller.CentroController [http-nio-8080-exec-9] Fin getCentros
2023-09-01 22:35:29,440 INFO com.alberto.gesresfamily.controller.CentroController [http-nio-8080-exec-7] Inicio getCentros
2023-09-01 22:35:29,442 INFO com.alberto.gesresfamily.controller.CentroController [http-nio-8080-exec-7] Muestra todos los centros
2023-09-01 22:35:29,444 INFO com.alberto.gesresfamily.controller.CentroController [http-nio-8080-exec-7] Fin getCentros
2023-09-01 22:35:35,617 INFO com.alberto.gesresfamily.controller.ProfesionalController [http-nio-8080-exec-4] Inicio getProfesionales
2023-09-01 22:35:35,618 INFO com.alberto.gesresfamily.controller.ProfesionalController [http-nio-8080-exec-4] Muestra todos los profesionales
2023-09-01 22:35:35,620 INFO com.alberto.gesresfamily.controller.ProfesionalController [http-nio-8080-exec-4] Fin getProfesinales
2023-09-01 22:35:38,314 INFO com.alberto.gesresfamily.controller.ProfesionalController [http-nio-8080-exec-10] Inicio getProfesionales
2023-09-01 22:35:38,315 INFO com.alberto.gesresfamily.controller.ProfesionalController [http-nio-8080-exec-10] Muestra todos los profesionales
2023-09-01 22:35:38,318 INFO com.alberto.gesresfamily.controller.ProfesionalController [http-nio-8080-exec-10] Fin getProfesinales
2023-09-01 22:35:42,141 INFO com.alberto.gesresfamily.controller.ProfesionalController [http-nio-8080-exec-3] Inicio getProfesionales
2023-09-01 22:35:42,142 INFO com.alberto.gesresfamily.controller.ProfesionalController [http-nio-8080-exec-3] Muestra todos los profesionales
2023-09-01 22:35:42,144 INFO com.alberto.gesresfamily.controller.ProfesionalController [http-nio-8080-exec-3] Fin getProfesinales
2023-09-01 22:35:52,345 INFO com.alberto.gesresfamily.controller.ProfesionalController [http-nio-8080-exec-5] Inicio getProfesionales
2023-09-01 22:35:52,345 INFO com.alberto.gesresfamily.controller.ProfesionalController [http-nio-8080-exec-5] Muestra todos los profesionales
2023-09-01 22:35:52,347 INFO com.alberto.gesresfamily.controller.ProfesionalController [http-nio-8080-exec-5] Fin getProfesinales
2023-09-01 22:35:56,303 INFO com.alberto.gesresfamily.controller.ProfesionalController [http-nio-8080-exec-6] Inicio getProfesionales
2023-09-01 22:35:56,303 INFO com.alberto.gesresfamily.controller.ProfesionalController [http-nio-8080-exec-6] Muestra todos los profesionales
2023-09-01 22:35:56,305 INFO com.alberto.gesresfamily.controller.ProfesionalController [http-nio-8080-exec-6] Fin getProfesinales
