2023-11-12 20:37:10,035 INFO org.hibernate.validator.internal.util.Version [background-preinit] HV000001: Hibernate Validator 6.2.5.Final
2023-11-12 20:37:10,042 INFO org.springframework.boot.StartupInfoLogger [main] Starting GesresfamilyApplication using Java 17.0.5 on Albertrodtab with PID 1534944 (D:\DAM 23_24\PROYECTO\FamilySync_API\GesResFamily_API\target\classes started by albertrodtab in D:\DAM 23_24\PROYECTO\FamilySync_API\GesResFamily_API)
2023-11-12 20:37:10,044 INFO org.springframework.boot.SpringApplication [main] No active profile set, falling back to 1 default profile: "default"
2023-11-12 20:37:10,596 INFO org.springframework.data.repository.config.RepositoryConfigurationDelegate [main] Multiple Spring Data modules found, entering strict repository configuration mode
2023-11-12 20:37:10,598 INFO org.springframework.data.repository.config.RepositoryConfigurationDelegate [main] Bootstrapping Spring Data JDBC repositories in DEFAULT mode.
2023-11-12 20:37:10,623 INFO org.springframework.data.repository.config.RepositoryConfigurationExtensionSupport [main] Spring Data JDBC - Could not safely identify store assignment for repository candidate interface com.alberto.gesresfamily.repository.CentroRepository; If you want this repository to be a JDBC repository, consider annotating your entities with one of these annotations: org.springframework.data.relational.core.mapping.Table.
2023-11-12 20:37:10,624 INFO org.springframework.data.repository.config.RepositoryConfigurationExtensionSupport [main] Spring Data JDBC - Could not safely identify store assignment for repository candidate interface com.alberto.gesresfamily.repository.FamiliarRepository; If you want this repository to be a JDBC repository, consider annotating your entities with one of these annotations: org.springframework.data.relational.core.mapping.Table.
2023-11-12 20:37:10,626 INFO org.springframework.data.repository.config.RepositoryConfigurationExtensionSupport [main] Spring Data JDBC - Could not safely identify store assignment for repository candidate interface com.alberto.gesresfamily.repository.PlanRepository; If you want this repository to be a JDBC repository, consider annotating your entities with one of these annotations: org.springframework.data.relational.core.mapping.Table.
2023-11-12 20:37:10,627 INFO org.springframework.data.repository.config.RepositoryConfigurationExtensionSupport [main] Spring Data JDBC - Could not safely identify store assignment for repository candidate interface com.alberto.gesresfamily.repository.ProfesionalRepository; If you want this repository to be a JDBC repository, consider annotating your entities with one of these annotations: org.springframework.data.relational.core.mapping.Table.
2023-11-12 20:37:10,628 INFO org.springframework.data.repository.config.RepositoryConfigurationExtensionSupport [main] Spring Data JDBC - Could not safely identify store assignment for repository candidate interface com.alberto.gesresfamily.repository.ResidenteRepository; If you want this repository to be a JDBC repository, consider annotating your entities with one of these annotations: org.springframework.data.relational.core.mapping.Table.
2023-11-12 20:37:10,628 INFO org.springframework.data.repository.config.RepositoryConfigurationDelegate [main] Finished Spring Data repository scanning in 25 ms. Found 0 JDBC repository interfaces.
2023-11-12 20:37:10,635 INFO org.springframework.data.repository.config.RepositoryConfigurationDelegate [main] Multiple Spring Data modules found, entering strict repository configuration mode
2023-11-12 20:37:10,636 INFO org.springframework.data.repository.config.RepositoryConfigurationDelegate [main] Bootstrapping Spring Data JPA repositories in DEFAULT mode.
2023-11-12 20:37:10,667 INFO org.springframework.data.repository.config.RepositoryConfigurationDelegate [main] Finished Spring Data repository scanning in 27 ms. Found 5 JPA repository interfaces.
2023-11-12 20:37:11,140 INFO org.springframework.boot.web.embedded.tomcat.TomcatWebServer [main] Tomcat initialized with port(s): 8080 (http)
2023-11-12 20:37:11,153 INFO org.apache.juli.logging.DirectJDKLog [main] Initializing ProtocolHandler ["http-nio-8080"]
2023-11-12 20:37:11,153 INFO org.apache.juli.logging.DirectJDKLog [main] Starting service [Tomcat]
2023-11-12 20:37:11,153 INFO org.apache.juli.logging.DirectJDKLog [main] Starting Servlet engine: [Apache Tomcat/9.0.70]
2023-11-12 20:37:11,238 INFO org.apache.juli.logging.DirectJDKLog [main] Initializing Spring embedded WebApplicationContext
2023-11-12 20:37:11,238 INFO org.springframework.boot.web.servlet.context.ServletWebServerApplicationContext [main] Root WebApplicationContext: initialization completed in 1157 ms
2023-11-12 20:37:11,341 INFO org.hibernate.jpa.internal.util.LogHelper [main] HHH000204: Processing PersistenceUnitInfo [name: default]
2023-11-12 20:37:11,400 INFO org.hibernate.Version [main] HHH000412: Hibernate ORM core version 5.6.14.Final
2023-11-12 20:37:11,519 INFO org.hibernate.annotations.common.reflection.java.JavaReflectionManager [main] HCANN000001: Hibernate Commons Annotations {5.1.2.Final}
2023-11-12 20:37:11,612 INFO com.zaxxer.hikari.HikariDataSource [main] HikariPool-1 - Starting...
2023-11-12 20:37:12,333 INFO com.zaxxer.hikari.HikariDataSource [main] HikariPool-1 - Start completed.
2023-11-12 20:37:12,357 INFO org.hibernate.dialect.Dialect [main] HHH000400: Using dialect: org.hibernate.dialect.MySQL8Dialect
2023-11-12 20:37:14,478 INFO org.hibernate.engine.transaction.jta.platform.internal.JtaPlatformInitiator [main] HHH000490: Using JtaPlatform implementation: [org.hibernate.engine.transaction.jta.platform.internal.NoJtaPlatform]
2023-11-12 20:37:14,483 INFO org.springframework.orm.jpa.AbstractEntityManagerFactoryBean [main] Initialized JPA EntityManagerFactory for persistence unit 'default'
2023-11-12 20:37:14,794 WARN org.springframework.boot.autoconfigure.orm.jpa.JpaBaseConfiguration$JpaWebConfiguration [main] spring.jpa.open-in-view is enabled by default. Therefore, database queries may be performed during view rendering. Explicitly configure spring.jpa.open-in-view to disable this warning
2023-11-12 20:37:15,086 INFO org.apache.juli.logging.DirectJDKLog [main] Starting ProtocolHandler ["http-nio-8080"]
2023-11-12 20:37:15,104 INFO org.springframework.boot.web.embedded.tomcat.TomcatWebServer [main] Tomcat started on port(s): 8080 (http) with context path ''
2023-11-12 20:37:15,111 INFO org.springframework.boot.StartupInfoLogger [main] Started GesresfamilyApplication in 5.359 seconds (JVM running for 5.742)
2023-11-12 23:50:22,028 INFO org.hibernate.validator.internal.util.Version [background-preinit] HV000001: Hibernate Validator 6.2.5.Final
2023-11-12 23:50:22,037 INFO org.springframework.boot.StartupInfoLogger [main] Starting GesresfamilyApplication using Java 17.0.5 on Albertrodtab with PID 1628388 (D:\DAM 23_24\PROYECTO\FamilySync_API\GesResFamily_API\target\classes started by albertrodtab in D:\DAM 23_24\PROYECTO\FamilySync_API\GesResFamily_API)
2023-11-12 23:50:22,038 INFO org.springframework.boot.SpringApplication [main] No active profile set, falling back to 1 default profile: "default"
2023-11-12 23:50:22,566 INFO org.springframework.data.repository.config.RepositoryConfigurationDelegate [main] Multiple Spring Data modules found, entering strict repository configuration mode
2023-11-12 23:50:22,568 INFO org.springframework.data.repository.config.RepositoryConfigurationDelegate [main] Bootstrapping Spring Data JDBC repositories in DEFAULT mode.
2023-11-12 23:50:22,592 INFO org.springframework.data.repository.config.RepositoryConfigurationExtensionSupport [main] Spring Data JDBC - Could not safely identify store assignment for repository candidate interface com.alberto.gesresfamily.repository.CentroRepository; If you want this repository to be a JDBC repository, consider annotating your entities with one of these annotations: org.springframework.data.relational.core.mapping.Table.
2023-11-12 23:50:22,593 INFO org.springframework.data.repository.config.RepositoryConfigurationExtensionSupport [main] Spring Data JDBC - Could not safely identify store assignment for repository candidate interface com.alberto.gesresfamily.repository.FamiliarRepository; If you want this repository to be a JDBC repository, consider annotating your entities with one of these annotations: org.springframework.data.relational.core.mapping.Table.
2023-11-12 23:50:22,596 INFO org.springframework.data.repository.config.RepositoryConfigurationExtensionSupport [main] Spring Data JDBC - Could not safely identify store assignment for repository candidate interface com.alberto.gesresfamily.repository.PlanRepository; If you want this repository to be a JDBC repository, consider annotating your entities with one of these annotations: org.springframework.data.relational.core.mapping.Table.
2023-11-12 23:50:22,598 INFO org.springframework.data.repository.config.RepositoryConfigurationExtensionSupport [main] Spring Data JDBC - Could not safely identify store assignment for repository candidate interface com.alberto.gesresfamily.repository.ProfesionalRepository; If you want this repository to be a JDBC repository, consider annotating your entities with one of these annotations: org.springframework.data.relational.core.mapping.Table.
2023-11-12 23:50:22,599 INFO org.springframework.data.repository.config.RepositoryConfigurationExtensionSupport [main] Spring Data JDBC - Could not safely identify store assignment for repository candidate interface com.alberto.gesresfamily.repository.ResidenteRepository; If you want this repository to be a JDBC repository, consider annotating your entities with one of these annotations: org.springframework.data.relational.core.mapping.Table.
2023-11-12 23:50:22,600 INFO org.springframework.data.repository.config.RepositoryConfigurationDelegate [main] Finished Spring Data repository scanning in 28 ms. Found 0 JDBC repository interfaces.
2023-11-12 23:50:22,606 INFO org.springframework.data.repository.config.RepositoryConfigurationDelegate [main] Multiple Spring Data modules found, entering strict repository configuration mode
2023-11-12 23:50:22,607 INFO org.springframework.data.repository.config.RepositoryConfigurationDelegate [main] Bootstrapping Spring Data JPA repositories in DEFAULT mode.
2023-11-12 23:50:22,640 INFO org.springframework.data.repository.config.RepositoryConfigurationDelegate [main] Finished Spring Data repository scanning in 28 ms. Found 5 JPA repository interfaces.
2023-11-12 23:50:23,088 INFO org.springframework.boot.web.embedded.tomcat.TomcatWebServer [main] Tomcat initialized with port(s): 8080 (http)
2023-11-12 23:50:23,097 INFO org.apache.juli.logging.DirectJDKLog [main] Initializing ProtocolHandler ["http-nio-8080"]
2023-11-12 23:50:23,098 INFO org.apache.juli.logging.DirectJDKLog [main] Starting service [Tomcat]
2023-11-12 23:50:23,098 INFO org.apache.juli.logging.DirectJDKLog [main] Starting Servlet engine: [Apache Tomcat/9.0.70]
2023-11-12 23:50:23,180 INFO org.apache.juli.logging.DirectJDKLog [main] Initializing Spring embedded WebApplicationContext
2023-11-12 23:50:23,180 INFO org.springframework.boot.web.servlet.context.ServletWebServerApplicationContext [main] Root WebApplicationContext: initialization completed in 1095 ms
2023-11-12 23:50:23,278 INFO org.hibernate.jpa.internal.util.LogHelper [main] HHH000204: Processing PersistenceUnitInfo [name: default]
2023-11-12 23:50:23,326 INFO org.hibernate.Version [main] HHH000412: Hibernate ORM core version 5.6.14.Final
2023-11-12 23:50:23,434 INFO org.hibernate.annotations.common.reflection.java.JavaReflectionManager [main] HCANN000001: Hibernate Commons Annotations {5.1.2.Final}
2023-11-12 23:50:23,504 INFO com.zaxxer.hikari.HikariDataSource [main] HikariPool-1 - Starting...
2023-11-12 23:50:23,796 INFO com.zaxxer.hikari.HikariDataSource [main] HikariPool-1 - Start completed.
2023-11-12 23:50:23,819 INFO org.hibernate.dialect.Dialect [main] HHH000400: Using dialect: org.hibernate.dialect.MySQL8Dialect
2023-11-12 23:50:24,457 INFO org.hibernate.engine.transaction.jta.platform.internal.JtaPlatformInitiator [main] HHH000490: Using JtaPlatform implementation: [org.hibernate.engine.transaction.jta.platform.internal.NoJtaPlatform]
2023-11-12 23:50:24,462 INFO org.springframework.orm.jpa.AbstractEntityManagerFactoryBean [main] Initialized JPA EntityManagerFactory for persistence unit 'default'
2023-11-12 23:50:24,727 WARN org.springframework.boot.autoconfigure.orm.jpa.JpaBaseConfiguration$JpaWebConfiguration [main] spring.jpa.open-in-view is enabled by default. Therefore, database queries may be performed during view rendering. Explicitly configure spring.jpa.open-in-view to disable this warning
2023-11-12 23:50:24,922 INFO org.apache.juli.logging.DirectJDKLog [main] Starting ProtocolHandler ["http-nio-8080"]
2023-11-12 23:50:24,939 INFO org.springframework.boot.web.embedded.tomcat.TomcatWebServer [main] Tomcat started on port(s): 8080 (http) with context path ''
2023-11-12 23:50:24,944 INFO org.springframework.boot.StartupInfoLogger [main] Started GesresfamilyApplication in 3.185 seconds (JVM running for 3.538)
